{"/home/robbie/.openclaw/workspace/ecommerce-microservice/sample-code/cart-service/src/config/redis.ts": {"path":"/home/robbie/.openclaw/workspace/ecommerce-microservice/sample-code/cart-service/src/config/redis.ts","statementMap":{"0":{"start":{"line":6,"column":0},"end":{"line":6,"column":7}},"1":{"start":{"line":19,"column":0},"end":{"line":19,"column":7}},"2":{"start":{"line":25,"column":0},"end":{"line":25,"column":16}},"3":{"start":{"line":1,"column":0},"end":{"line":1,"column":54}},"4":{"start":{"line":2,"column":0},"end":{"line":2,"column":37}},"5":{"start":{"line":7,"column":19},"end":{"line":7,"column":68}},"6":{"start":{"line":9,"column":2},"end":{"line":9,"column":48}},"7":{"start":{"line":11,"column":2},"end":{"line":11,"column":76}},"8":{"start":{"line":11,"column":35},"end":{"line":11,"column":74}},"9":{"start":{"line":12,"column":2},"end":{"line":12,"column":69}},"10":{"start":{"line":12,"column":34},"end":{"line":12,"column":67}},"11":{"start":{"line":13,"column":2},"end":{"line":13,"column":67}},"12":{"start":{"line":13,"column":32},"end":{"line":13,"column":65}},"13":{"start":{"line":14,"column":2},"end":{"line":14,"column":69}},"14":{"start":{"line":14,"column":30},"end":{"line":14,"column":67}},"15":{"start":{"line":16,"column":2},"end":{"line":16,"column":30}},"16":{"start":{"line":20,"column":2},"end":{"line":22,"column":3}},"17":{"start":{"line":21,"column":4},"end":{"line":21,"column":35}},"18":{"start":{"line":26,"column":2},"end":{"line":28,"column":3}},"19":{"start":{"line":27,"column":4},"end":{"line":27,"column":52}},"20":{"start":{"line":29,"column":2},"end":{"line":29,"column":21}}},"fnMap":{"0":{"name":"connectRedis","decl":{"start":{"line":6,"column":22},"end":{"line":6,"column":34}},"loc":{"start":{"line":6,"column":34},"end":{"line":17,"column":1}}},"1":{"name":"(anonymous_2)","decl":{"start":{"line":11,"column":26},"end":{"line":11,"column":27}},"loc":{"start":{"line":11,"column":35},"end":{"line":11,"column":74}}},"2":{"name":"(anonymous_3)","decl":{"start":{"line":12,"column":28},"end":{"line":12,"column":31}},"loc":{"start":{"line":12,"column":34},"end":{"line":12,"column":67}}},"3":{"name":"(anonymous_4)","decl":{"start":{"line":13,"column":26},"end":{"line":13,"column":29}},"loc":{"start":{"line":13,"column":32},"end":{"line":13,"column":65}}},"4":{"name":"(anonymous_5)","decl":{"start":{"line":14,"column":24},"end":{"line":14,"column":27}},"loc":{"start":{"line":14,"column":30},"end":{"line":14,"column":67}}},"5":{"name":"disconnectRedis","decl":{"start":{"line":19,"column":22},"end":{"line":19,"column":37}},"loc":{"start":{"line":19,"column":37},"end":{"line":23,"column":1}}},"6":{"name":"getRedisClient","decl":{"start":{"line":25,"column":16},"end":{"line":25,"column":30}},"loc":{"start":{"line":25,"column":30},"end":{"line":30,"column":1}}}},"branchMap":{"0":{"loc":{"start":{"line":7,"column":19},"end":{"line":7,"column":68}},"type":"binary-expr","locations":[{"start":{"line":7,"column":19},"end":{"line":7,"column":40}},{"start":{"line":7,"column":44},"end":{"line":7,"column":68}}]},"1":{"loc":{"start":{"line":20,"column":2},"end":{"line":22,"column":3}},"type":"if","locations":[{"start":{"line":20,"column":2},"end":{"line":22,"column":3}}]},"2":{"loc":{"start":{"line":26,"column":2},"end":{"line":28,"column":3}},"type":"if","locations":[{"start":{"line":26,"column":2},"end":{"line":28,"column":3}}]}},"s":{"0":0,"1":0,"2":0,"3":0,"4":0,"5":0,"6":0,"7":0,"8":0,"9":0,"10":0,"11":0,"12":0,"13":0,"14":0,"15":0,"16":0,"17":0,"18":0,"19":0,"20":0},"f":{"0":0,"1":0,"2":0,"3":0,"4":0,"5":0,"6":0},"b":{"0":[0,0],"1":[0],"2":[0]}}
,"/home/robbie/.openclaw/workspace/ecommerce-microservice/sample-code/cart-service/src/middleware/validate.ts": {"path":"/home/robbie/.openclaw/workspace/ecommerce-microservice/sample-code/cart-service/src/middleware/validate.ts","statementMap":{"0":{"start":{"line":8,"column":0},"end":{"line":8,"column":16}},"1":{"start":{"line":29,"column":0},"end":{"line":29,"column":16}},"2":{"start":{"line":9,"column":2},"end":{"line":23,"column":4}},"3":{"start":{"line":10,"column":29},"end":{"line":13,"column":6}},"4":{"start":{"line":15,"column":4},"end":{"line":19,"column":5}},"5":{"start":{"line":16,"column":22},"end":{"line":16,"column":57}},"6":{"start":{"line":16,"column":47},"end":{"line":16,"column":56}},"7":{"start":{"line":17,"column":6},"end":{"line":17,"column":85}},"8":{"start":{"line":18,"column":6},"end":{"line":18,"column":13}},"9":{"start":{"line":21,"column":4},"end":{"line":21,"column":21}},"10":{"start":{"line":22,"column":4},"end":{"line":22,"column":11}},"11":{"start":{"line":30,"column":2},"end":{"line":44,"column":4}},"12":{"start":{"line":31,"column":29},"end":{"line":34,"column":6}},"13":{"start":{"line":36,"column":4},"end":{"line":40,"column":5}},"14":{"start":{"line":37,"column":22},"end":{"line":37,"column":57}},"15":{"start":{"line":37,"column":47},"end":{"line":37,"column":56}},"16":{"start":{"line":38,"column":6},"end":{"line":38,"column":85}},"17":{"start":{"line":39,"column":6},"end":{"line":39,"column":13}},"18":{"start":{"line":42,"column":4},"end":{"line":42,"column":22}},"19":{"start":{"line":43,"column":4},"end":{"line":43,"column":11}}},"fnMap":{"0":{"name":"validateBody","decl":{"start":{"line":8,"column":16},"end":{"line":8,"column":28}},"loc":{"start":{"line":8,"column":53},"end":{"line":24,"column":1}}},"1":{"name":"(anonymous_1)","decl":{"start":{"line":9,"column":9},"end":{"line":9,"column":10}},"loc":{"start":{"line":9,"column":67},"end":{"line":23,"column":3}}},"2":{"name":"(anonymous_2)","decl":{"start":{"line":16,"column":40},"end":{"line":16,"column":41}},"loc":{"start":{"line":16,"column":47},"end":{"line":16,"column":56}}},"3":{"name":"validateQuery","decl":{"start":{"line":29,"column":16},"end":{"line":29,"column":29}},"loc":{"start":{"line":29,"column":54},"end":{"line":45,"column":1}}},"4":{"name":"(anonymous_4)","decl":{"start":{"line":30,"column":9},"end":{"line":30,"column":10}},"loc":{"start":{"line":30,"column":67},"end":{"line":44,"column":3}}},"5":{"name":"(anonymous_5)","decl":{"start":{"line":37,"column":40},"end":{"line":37,"column":41}},"loc":{"start":{"line":37,"column":47},"end":{"line":37,"column":56}}}},"branchMap":{"0":{"loc":{"start":{"line":15,"column":4},"end":{"line":19,"column":5}},"type":"if","locations":[{"start":{"line":15,"column":4},"end":{"line":19,"column":5}}]},"1":{"loc":{"start":{"line":36,"column":4},"end":{"line":40,"column":5}},"type":"if","locations":[{"start":{"line":36,"column":4},"end":{"line":40,"column":5}}]}},"s":{"0":0,"1":0,"2":0,"3":0,"4":0,"5":0,"6":0,"7":0,"8":0,"9":0,"10":0,"11":0,"12":0,"13":0,"14":0,"15":0,"16":0,"17":0,"18":0,"19":0},"f":{"0":0,"1":0,"2":0,"3":0,"4":0,"5":0},"b":{"0":[0],"1":[0]}}
,"/home/robbie/.openclaw/workspace/ecommerce-microservice/sample-code/cart-service/src/routes/cart.ts": {"path":"/home/robbie/.openclaw/workspace/ecommerce-microservice/sample-code/cart-service/src/routes/cart.ts","statementMap":{"0":{"start":{"line":1,"column":0},"end":{"line":1,"column":52}},"1":{"start":{"line":2,"column":0},"end":{"line":2,"column":22}},"2":{"start":{"line":3,"column":0},"end":{"line":3,"column":54}},"3":{"start":{"line":4,"column":0},"end":{"line":4,"column":50}},"4":{"start":{"line":5,"column":0},"end":{"line":5,"column":37}},"5":{"start":{"line":7,"column":15},"end":{"line":7,"column":23}},"6":{"start":{"line":11,"column":22},"end":{"line":15,"column":2}},"7":{"start":{"line":17,"column":25},"end":{"line":21,"column":2}},"8":{"start":{"line":23,"column":24},"end":{"line":26,"column":2}},"9":{"start":{"line":31,"column":0},"end":{"line":45,"column":3}},"10":{"start":{"line":32,"column":21},"end":{"line":32,"column":31}},"11":{"start":{"line":33,"column":2},"end":{"line":44,"column":3}},"12":{"start":{"line":34,"column":17},"end":{"line":34,"column":50}},"13":{"start":{"line":36,"column":4},"end":{"line":38,"column":5}},"14":{"start":{"line":37,"column":6},"end":{"line":37,"column":81}},"15":{"start":{"line":40,"column":4},"end":{"line":40,"column":51}},"16":{"start":{"line":42,"column":4},"end":{"line":42,"column":58}},"17":{"start":{"line":43,"column":4},"end":{"line":43,"column":86}},"18":{"start":{"line":48,"column":0},"end":{"line":58,"column":3}},"19":{"start":{"line":49,"column":21},"end":{"line":49,"column":31}},"20":{"start":{"line":50,"column":2},"end":{"line":57,"column":3}},"21":{"start":{"line":51,"column":22},"end":{"line":51,"column":30}},"22":{"start":{"line":52,"column":17},"end":{"line":52,"column":61}},"23":{"start":{"line":53,"column":4},"end":{"line":53,"column":51}},"24":{"start":{"line":55,"column":4},"end":{"line":55,"column":81}},"25":{"start":{"line":56,"column":4},"end":{"line":56,"column":86}},"26":{"start":{"line":61,"column":0},"end":{"line":77,"column":3}},"27":{"start":{"line":62,"column":21},"end":{"line":62,"column":31}},"28":{"start":{"line":63,"column":2},"end":{"line":76,"column":3}},"29":{"start":{"line":64,"column":22},"end":{"line":64,"column":30}},"30":{"start":{"line":65,"column":17},"end":{"line":65,"column":64}},"31":{"start":{"line":66,"column":4},"end":{"line":66,"column":51}},"32":{"start":{"line":68,"column":4},"end":{"line":70,"column":5}},"33":{"start":{"line":69,"column":6},"end":{"line":69,"column":81}},"34":{"start":{"line":71,"column":4},"end":{"line":73,"column":5}},"35":{"start":{"line":72,"column":6},"end":{"line":72,"column":89}},"36":{"start":{"line":74,"column":4},"end":{"line":74,"column":83}},"37":{"start":{"line":75,"column":4},"end":{"line":75,"column":86}},"38":{"start":{"line":80,"column":0},"end":{"line":92,"column":3}},"39":{"start":{"line":81,"column":43},"end":{"line":81,"column":53}},"40":{"start":{"line":82,"column":2},"end":{"line":91,"column":3}},"41":{"start":{"line":83,"column":17},"end":{"line":83,"column":75}},"42":{"start":{"line":84,"column":4},"end":{"line":84,"column":51}},"43":{"start":{"line":86,"column":4},"end":{"line":88,"column":5}},"44":{"start":{"line":87,"column":6},"end":{"line":87,"column":81}},"45":{"start":{"line":89,"column":4},"end":{"line":89,"column":91}},"46":{"start":{"line":90,"column":4},"end":{"line":90,"column":86}},"47":{"start":{"line":95,"column":0},"end":{"line":104,"column":3}},"48":{"start":{"line":96,"column":21},"end":{"line":96,"column":31}},"49":{"start":{"line":97,"column":2},"end":{"line":103,"column":3}},"50":{"start":{"line":98,"column":4},"end":{"line":98,"column":40}},"51":{"start":{"line":99,"column":4},"end":{"line":99,"column":64}},"52":{"start":{"line":101,"column":4},"end":{"line":101,"column":59}},"53":{"start":{"line":102,"column":4},"end":{"line":102,"column":86}},"54":{"start":{"line":107,"column":0},"end":{"line":119,"column":3}},"55":{"start":{"line":108,"column":2},"end":{"line":118,"column":3}},"56":{"start":{"line":109,"column":34},"end":{"line":109,"column":42}},"57":{"start":{"line":110,"column":17},"end":{"line":110,"column":64}},"58":{"start":{"line":111,"column":4},"end":{"line":111,"column":51}},"59":{"start":{"line":113,"column":4},"end":{"line":115,"column":5}},"60":{"start":{"line":114,"column":6},"end":{"line":114,"column":89}},"61":{"start":{"line":116,"column":4},"end":{"line":116,"column":67}},"62":{"start":{"line":117,"column":4},"end":{"line":117,"column":86}},"63":{"start":{"line":121,"column":0},"end":{"line":121,"column":22}}},"fnMap":{"0":{"name":"(anonymous_1)","decl":{"start":{"line":31,"column":23},"end":{"line":31,"column":28}},"loc":{"start":{"line":31,"column":61},"end":{"line":45,"column":1}}},"1":{"name":"(anonymous_2)","decl":{"start":{"line":48,"column":59},"end":{"line":48,"column":64}},"loc":{"start":{"line":48,"column":97},"end":{"line":58,"column":1}}},"2":{"name":"(anonymous_3)","decl":{"start":{"line":61,"column":61},"end":{"line":61,"column":66}},"loc":{"start":{"line":61,"column":99},"end":{"line":77,"column":1}}},"3":{"name":"(anonymous_4)","decl":{"start":{"line":80,"column":55},"end":{"line":80,"column":60}},"loc":{"start":{"line":80,"column":93},"end":{"line":92,"column":1}}},"4":{"name":"(anonymous_5)","decl":{"start":{"line":95,"column":26},"end":{"line":95,"column":31}},"loc":{"start":{"line":95,"column":64},"end":{"line":104,"column":1}}},"5":{"name":"(anonymous_6)","decl":{"start":{"line":107,"column":53},"end":{"line":107,"column":58}},"loc":{"start":{"line":107,"column":91},"end":{"line":119,"column":1}}}},"branchMap":{"0":{"loc":{"start":{"line":36,"column":4},"end":{"line":38,"column":5}},"type":"if","locations":[{"start":{"line":36,"column":4},"end":{"line":38,"column":5}}]},"1":{"loc":{"start":{"line":68,"column":4},"end":{"line":70,"column":5}},"type":"if","locations":[{"start":{"line":68,"column":4},"end":{"line":70,"column":5}}]},"2":{"loc":{"start":{"line":68,"column":8},"end":{"line":68,"column":68}},"type":"binary-expr","locations":[{"start":{"line":68,"column":8},"end":{"line":68,"column":30}},{"start":{"line":68,"column":34},"end":{"line":68,"column":68}}]},"3":{"loc":{"start":{"line":71,"column":4},"end":{"line":73,"column":5}},"type":"if","locations":[{"start":{"line":71,"column":4},"end":{"line":73,"column":5}}]},"4":{"loc":{"start":{"line":71,"column":8},"end":{"line":71,"column":76}},"type":"binary-expr","locations":[{"start":{"line":71,"column":8},"end":{"line":71,"column":30}},{"start":{"line":71,"column":34},"end":{"line":71,"column":76}}]},"5":{"loc":{"start":{"line":86,"column":4},"end":{"line":88,"column":5}},"type":"if","locations":[{"start":{"line":86,"column":4},"end":{"line":88,"column":5}}]},"6":{"loc":{"start":{"line":86,"column":8},"end":{"line":86,"column":68}},"type":"binary-expr","locations":[{"start":{"line":86,"column":8},"end":{"line":86,"column":30}},{"start":{"line":86,"column":34},"end":{"line":86,"column":68}}]},"7":{"loc":{"start":{"line":113,"column":4},"end":{"line":115,"column":5}},"type":"if","locations":[{"start":{"line":113,"column":4},"end":{"line":115,"column":5}}]},"8":{"loc":{"start":{"line":113,"column":8},"end":{"line":113,"column":76}},"type":"binary-expr","locations":[{"start":{"line":113,"column":8},"end":{"line":113,"column":30}},{"start":{"line":113,"column":34},"end":{"line":113,"column":76}}]}},"s":{"0":0,"1":0,"2":0,"3":0,"4":0,"5":0,"6":0,"7":0,"8":0,"9":0,"10":0,"11":0,"12":0,"13":0,"14":0,"15":0,"16":0,"17":0,"18":0,"19":0,"20":0,"21":0,"22":0,"23":0,"24":0,"25":0,"26":0,"27":0,"28":0,"29":0,"30":0,"31":0,"32":0,"33":0,"34":0,"35":0,"36":0,"37":0,"38":0,"39":0,"40":0,"41":0,"42":0,"43":0,"44":0,"45":0,"46":0,"47":0,"48":0,"49":0,"50":0,"51":0,"52":0,"53":0,"54":0,"55":0,"56":0,"57":0,"58":0,"59":0,"60":0,"61":0,"62":0,"63":0},"f":{"0":0,"1":0,"2":0,"3":0,"4":0,"5":0},"b":{"0":[0],"1":[0],"2":[0,0],"3":[0],"4":[0,0],"5":[0],"6":[0,0],"7":[0],"8":[0,0]}}
,"/home/robbie/.openclaw/workspace/ecommerce-microservice/sample-code/cart-service/src/services/cartService.ts": {"path":"/home/robbie/.openclaw/workspace/ecommerce-microservice/sample-code/cart-service/src/services/cartService.ts","statementMap":{"0":{"start":{"line":1,"column":0},"end":{"line":1,"column":49}},"1":{"start":{"line":2,"column":0},"end":{"line":2,"column":37}},"2":{"start":{"line":5,"column":28},"end":{"line":5,"column":44}},"3":{"start":{"line":6,"column":24},"end":{"line":6,"column":31}},"4":{"start":{"line":9,"column":18},"end":{"line":9,"column":34}},"5":{"start":{"line":12,"column":4},"end":{"line":30,"column":5}},"6":{"start":{"line":13,"column":18},"end":{"line":13,"column":47}},"7":{"start":{"line":14,"column":19},"end":{"line":14,"column":44}},"8":{"start":{"line":16,"column":6},"end":{"line":16,"column":29}},"9":{"start":{"line":16,"column":17},"end":{"line":16,"column":29}},"10":{"start":{"line":18,"column":25},"end":{"line":18,"column":41}},"11":{"start":{"line":21,"column":6},"end":{"line":24,"column":7}},"12":{"start":{"line":22,"column":8},"end":{"line":22,"column":58}},"13":{"start":{"line":23,"column":8},"end":{"line":23,"column":75}},"14":{"start":{"line":26,"column":6},"end":{"line":26,"column":18}},"15":{"start":{"line":28,"column":6},"end":{"line":28,"column":60}},"16":{"start":{"line":29,"column":6},"end":{"line":29,"column":18}},"17":{"start":{"line":34,"column":23},"end":{"line":41,"column":6}},"18":{"start":{"line":43,"column":4},"end":{"line":43,"column":30}},"19":{"start":{"line":44,"column":4},"end":{"line":44,"column":61}},"20":{"start":{"line":45,"column":4},"end":{"line":45,"column":16}},"21":{"start":{"line":49,"column":15},"end":{"line":49,"column":41}},"22":{"start":{"line":50,"column":4},"end":{"line":52,"column":5}},"23":{"start":{"line":51,"column":6},"end":{"line":51,"column":43}},"24":{"start":{"line":54,"column":30},"end":{"line":56,"column":null}},"25":{"start":{"line":55,"column":16},"end":{"line":56,"column":54}},"26":{"start":{"line":59,"column":4},"end":{"line":70,"column":5}},"27":{"start":{"line":60,"column":6},"end":{"line":60,"column":67}},"28":{"start":{"line":62,"column":32},"end":{"line":68,"column":8}},"29":{"start":{"line":69,"column":6},"end":{"line":69,"column":31}},"30":{"start":{"line":72,"column":4},"end":{"line":72,"column":49}},"31":{"start":{"line":73,"column":4},"end":{"line":73,"column":32}},"32":{"start":{"line":75,"column":4},"end":{"line":75,"column":30}},"33":{"start":{"line":76,"column":4},"end":{"line":76,"column":61}},"34":{"start":{"line":77,"column":4},"end":{"line":77,"column":16}},"35":{"start":{"line":81,"column":17},"end":{"line":81,"column":43}},"36":{"start":{"line":82,"column":4},"end":{"line":84,"column":5}},"37":{"start":{"line":83,"column":6},"end":{"line":83,"column":40}},"38":{"start":{"line":86,"column":22},"end":{"line":88,"column":null}},"39":{"start":{"line":87,"column":16},"end":{"line":88,"column":54}},"40":{"start":{"line":91,"column":4},"end":{"line":93,"column":5}},"41":{"start":{"line":92,"column":6},"end":{"line":92,"column":48}},"42":{"start":{"line":95,"column":4},"end":{"line":99,"column":5}},"43":{"start":{"line":96,"column":6},"end":{"line":96,"column":38}},"44":{"start":{"line":98,"column":6},"end":{"line":98,"column":58}},"45":{"start":{"line":101,"column":4},"end":{"line":101,"column":49}},"46":{"start":{"line":102,"column":4},"end":{"line":102,"column":32}},"47":{"start":{"line":104,"column":4},"end":{"line":104,"column":30}},"48":{"start":{"line":105,"column":4},"end":{"line":105,"column":63}},"49":{"start":{"line":106,"column":4},"end":{"line":106,"column":16}},"50":{"start":{"line":110,"column":17},"end":{"line":110,"column":43}},"51":{"start":{"line":111,"column":4},"end":{"line":113,"column":5}},"52":{"start":{"line":112,"column":6},"end":{"line":112,"column":40}},"53":{"start":{"line":115,"column":4},"end":{"line":117,"column":6}},"54":{"start":{"line":116,"column":16},"end":{"line":116,"column":79}},"55":{"start":{"line":119,"column":4},"end":{"line":119,"column":49}},"56":{"start":{"line":120,"column":4},"end":{"line":120,"column":32}},"57":{"start":{"line":122,"column":4},"end":{"line":122,"column":30}},"58":{"start":{"line":123,"column":4},"end":{"line":123,"column":76}},"59":{"start":{"line":124,"column":4},"end":{"line":124,"column":16}},"60":{"start":{"line":128,"column":16},"end":{"line":128,"column":45}},"61":{"start":{"line":129,"column":4},"end":{"line":129,"column":30}},"62":{"start":{"line":130,"column":4},"end":{"line":130,"column":44}},"63":{"start":{"line":134,"column":24},"end":{"line":134,"column":53}},"64":{"start":{"line":135,"column":19},"end":{"line":135,"column":45}},"65":{"start":{"line":137,"column":4},"end":{"line":139,"column":5}},"66":{"start":{"line":138,"column":6},"end":{"line":138,"column":48}},"67":{"start":{"line":141,"column":4},"end":{"line":143,"column":5}},"68":{"start":{"line":142,"column":6},"end":{"line":142,"column":54}},"69":{"start":{"line":146,"column":4},"end":{"line":157,"column":5}},"70":{"start":{"line":147,"column":28},"end":{"line":149,"column":null}},"71":{"start":{"line":148,"column":18},"end":{"line":149,"column":58}},"72":{"start":{"line":152,"column":6},"end":{"line":156,"column":7}},"73":{"start":{"line":153,"column":8},"end":{"line":153,"column":71}},"74":{"start":{"line":155,"column":8},"end":{"line":155,"column":41}},"75":{"start":{"line":159,"column":4},"end":{"line":159,"column":57}},"76":{"start":{"line":160,"column":4},"end":{"line":160,"column":36}},"77":{"start":{"line":163,"column":4},"end":{"line":163,"column":34}},"78":{"start":{"line":166,"column":4},"end":{"line":166,"column":36}},"79":{"start":{"line":168,"column":4},"end":{"line":168,"column":55}},"80":{"start":{"line":169,"column":4},"end":{"line":169,"column":20}},"81":{"start":{"line":173,"column":16},"end":{"line":173,"column":46}},"82":{"start":{"line":174,"column":17},"end":{"line":174,"column":37}},"83":{"start":{"line":176,"column":4},"end":{"line":180,"column":5}},"84":{"start":{"line":177,"column":6},"end":{"line":177,"column":61}},"85":{"start":{"line":179,"column":6},"end":{"line":179,"column":38}},"86":{"start":{"line":184,"column":4},"end":{"line":184,"column":82}},"87":{"start":{"line":184,"column":41},"end":{"line":184,"column":77}},"88":{"start":{"line":8,"column":0},"end":{"line":8,"column":13}},"89":{"start":{"line":188,"column":0},"end":{"line":188,"column":33}}},"fnMap":{"0":{"name":"(anonymous_1)","decl":{"start":{"line":11,"column":2},"end":{"line":11,"column":7}},"loc":{"start":{"line":11,"column":30},"end":{"line":31,"column":3}}},"1":{"name":"(anonymous_2)","decl":{"start":{"line":33,"column":2},"end":{"line":33,"column":7}},"loc":{"start":{"line":33,"column":53},"end":{"line":46,"column":3}}},"2":{"name":"(anonymous_3)","decl":{"start":{"line":48,"column":2},"end":{"line":48,"column":7}},"loc":{"start":{"line":48,"column":56},"end":{"line":78,"column":3}}},"3":{"name":"(anonymous_4)","decl":{"start":{"line":55,"column":6},"end":{"line":55,"column":7}},"loc":{"start":{"line":55,"column":16},"end":{"line":56,"column":54}}},"4":{"name":"(anonymous_5)","decl":{"start":{"line":80,"column":2},"end":{"line":80,"column":7}},"loc":{"start":{"line":80,"column":59},"end":{"line":107,"column":3}}},"5":{"name":"(anonymous_6)","decl":{"start":{"line":87,"column":6},"end":{"line":87,"column":7}},"loc":{"start":{"line":87,"column":16},"end":{"line":88,"column":54}}},"6":{"name":"(anonymous_7)","decl":{"start":{"line":109,"column":2},"end":{"line":109,"column":7}},"loc":{"start":{"line":109,"column":72},"end":{"line":125,"column":3}}},"7":{"name":"(anonymous_8)","decl":{"start":{"line":116,"column":6},"end":{"line":116,"column":7}},"loc":{"start":{"line":116,"column":16},"end":{"line":116,"column":79}}},"8":{"name":"(anonymous_9)","decl":{"start":{"line":127,"column":2},"end":{"line":127,"column":7}},"loc":{"start":{"line":127,"column":32},"end":{"line":131,"column":3}}},"9":{"name":"(anonymous_10)","decl":{"start":{"line":133,"column":2},"end":{"line":133,"column":7}},"loc":{"start":{"line":133,"column":52},"end":{"line":170,"column":3}}},"10":{"name":"(anonymous_11)","decl":{"start":{"line":148,"column":8},"end":{"line":148,"column":9}},"loc":{"start":{"line":148,"column":18},"end":{"line":149,"column":58}}},"11":{"name":"(anonymous_12)","decl":{"start":{"line":172,"column":10},"end":{"line":172,"column":15}},"loc":{"start":{"line":172,"column":35},"end":{"line":181,"column":3}}},"12":{"name":"(anonymous_13)","decl":{"start":{"line":183,"column":10},"end":{"line":183,"column":24}},"loc":{"start":{"line":183,"column":42},"end":{"line":185,"column":3}}},"13":{"name":"(anonymous_14)","decl":{"start":{"line":184,"column":24},"end":{"line":184,"column":25}},"loc":{"start":{"line":184,"column":41},"end":{"line":184,"column":77}}}},"branchMap":{"0":{"loc":{"start":{"line":16,"column":6},"end":{"line":16,"column":29}},"type":"if","locations":[{"start":{"line":16,"column":6},"end":{"line":16,"column":29}}]},"1":{"loc":{"start":{"line":21,"column":6},"end":{"line":24,"column":7}},"type":"if","locations":[{"start":{"line":21,"column":6},"end":{"line":24,"column":7}}]},"2":{"loc":{"start":{"line":33,"column":35},"end":{"line":33,"column":53}},"type":"default-arg","locations":[{"start":{"line":33,"column":49},"end":{"line":33,"column":53}}]},"3":{"loc":{"start":{"line":40,"column":10},"end":{"line":40,"column":89}},"type":"binary-expr","locations":[{"start":{"line":40,"column":10},"end":{"line":40,"column":21}},{"start":{"line":40,"column":25},"end":{"line":40,"column":89}}]},"4":{"loc":{"start":{"line":50,"column":4},"end":{"line":52,"column":5}},"type":"if","locations":[{"start":{"line":50,"column":4},"end":{"line":52,"column":5}}]},"5":{"loc":{"start":{"line":55,"column":16},"end":{"line":56,"column":54}},"type":"binary-expr","locations":[{"start":{"line":55,"column":16},"end":{"line":55,"column":54}},{"start":{"line":56,"column":16},"end":{"line":56,"column":54}}]},"6":{"loc":{"start":{"line":59,"column":4},"end":{"line":70,"column":5}},"type":"if","locations":[{"start":{"line":59,"column":4},"end":{"line":70,"column":5}},{"start":{"line":61,"column":11},"end":{"line":70,"column":5}}]},"7":{"loc":{"start":{"line":82,"column":4},"end":{"line":84,"column":5}},"type":"if","locations":[{"start":{"line":82,"column":4},"end":{"line":84,"column":5}}]},"8":{"loc":{"start":{"line":87,"column":16},"end":{"line":88,"column":54}},"type":"binary-expr","locations":[{"start":{"line":87,"column":16},"end":{"line":87,"column":54}},{"start":{"line":88,"column":16},"end":{"line":88,"column":54}}]},"9":{"loc":{"start":{"line":91,"column":4},"end":{"line":93,"column":5}},"type":"if","locations":[{"start":{"line":91,"column":4},"end":{"line":93,"column":5}}]},"10":{"loc":{"start":{"line":95,"column":4},"end":{"line":99,"column":5}},"type":"if","locations":[{"start":{"line":95,"column":4},"end":{"line":99,"column":5}},{"start":{"line":97,"column":11},"end":{"line":99,"column":5}}]},"11":{"loc":{"start":{"line":111,"column":4},"end":{"line":113,"column":5}},"type":"if","locations":[{"start":{"line":111,"column":4},"end":{"line":113,"column":5}}]},"12":{"loc":{"start":{"line":116,"column":18},"end":{"line":116,"column":78}},"type":"binary-expr","locations":[{"start":{"line":116,"column":18},"end":{"line":116,"column":46}},{"start":{"line":116,"column":50},"end":{"line":116,"column":78}}]},"13":{"loc":{"start":{"line":137,"column":4},"end":{"line":139,"column":5}},"type":"if","locations":[{"start":{"line":137,"column":4},"end":{"line":139,"column":5}}]},"14":{"loc":{"start":{"line":141,"column":4},"end":{"line":143,"column":5}},"type":"if","locations":[{"start":{"line":141,"column":4},"end":{"line":143,"column":5}}]},"15":{"loc":{"start":{"line":148,"column":18},"end":{"line":149,"column":58}},"type":"binary-expr","locations":[{"start":{"line":148,"column":18},"end":{"line":148,"column":58}},{"start":{"line":149,"column":18},"end":{"line":149,"column":58}}]},"16":{"loc":{"start":{"line":152,"column":6},"end":{"line":156,"column":7}},"type":"if","locations":[{"start":{"line":152,"column":6},"end":{"line":156,"column":7}},{"start":{"line":154,"column":13},"end":{"line":156,"column":7}}]},"17":{"loc":{"start":{"line":176,"column":4},"end":{"line":180,"column":5}},"type":"if","locations":[{"start":{"line":176,"column":4},"end":{"line":180,"column":5}},{"start":{"line":178,"column":11},"end":{"line":180,"column":5}}]}},"s":{"0":1,"1":1,"2":1,"3":1,"4":9,"5":8,"6":8,"7":8,"8":8,"9":1,"10":7,"11":7,"12":1,"13":1,"14":7,"15":0,"16":0,"17":1,"18":1,"19":1,"20":1,"21":2,"22":2,"23":0,"24":2,"25":1,"26":2,"27":1,"28":1,"29":1,"30":2,"31":2,"32":2,"33":2,"34":2,"35":2,"36":2,"37":0,"38":2,"39":2,"40":2,"41":0,"42":2,"43":1,"44":1,"45":2,"46":2,"47":2,"48":2,"49":2,"50":0,"51":0,"52":0,"53":0,"54":0,"55":0,"56":0,"57":0,"58":0,"59":0,"60":1,"61":1,"62":1,"63":1,"64":1,"65":1,"66":0,"67":1,"68":0,"69":1,"70":1,"71":1,"72":1,"73":0,"74":1,"75":1,"76":1,"77":1,"78":1,"79":1,"80":1,"81":6,"82":6,"83":6,"84":1,"85":5,"86":5,"87":5,"88":1,"89":1},"f":{"0":8,"1":1,"2":2,"3":1,"4":2,"5":2,"6":0,"7":0,"8":1,"9":1,"10":1,"11":6,"12":5,"13":5},"b":{"0":[1],"1":[1],"2":[0],"3":[1,1],"4":[0],"5":[1,1],"6":[1,1],"7":[0],"8":[2,2],"9":[0],"10":[1,1],"11":[0],"12":[0,0],"13":[0],"14":[0],"15":[1,0],"16":[0,1],"17":[1,5]}}
,"/home/robbie/.openclaw/workspace/ecommerce-microservice/sample-code/cart-service/src/utils/logger.ts": {"path":"/home/robbie/.openclaw/workspace/ecommerce-microservice/sample-code/cart-service/src/utils/logger.ts","statementMap":{"0":{"start":{"line":1,"column":0},"end":{"line":1,"column":30}},"1":{"start":{"line":3,"column":63},"end":{"line":3,"column":77}},"2":{"start":{"line":5,"column":21},"end":{"line":5,"column":58}},"3":{"start":{"line":12,"column":15},"end":{"line":27,"column":2}},"4":{"start":{"line":29,"column":0},"end":{"line":29,"column":22}}},"fnMap":{},"branchMap":{"0":{"loc":{"start":{"line":13,"column":9},"end":{"line":13,"column":67}},"type":"binary-expr","locations":[{"start":{"line":13,"column":9},"end":{"line":13,"column":30}},{"start":{"line":13,"column":35},"end":{"line":13,"column":66}}]},"1":{"loc":{"start":{"line":13,"column":35},"end":{"line":13,"column":66}},"type":"cond-expr","locations":[{"start":{"line":13,"column":50},"end":{"line":13,"column":56}},{"start":{"line":13,"column":59},"end":{"line":13,"column":66}}]},"2":{"loc":{"start":{"line":22,"column":14},"end":{"line":24,"column":39}},"type":"cond-expr","locations":[{"start":{"line":23,"column":10},"end":{"line":23,"column":38}},{"start":{"line":24,"column":10},"end":{"line":24,"column":39}}]}},"s":{"0":1,"1":1,"2":1,"3":1,"4":1},"f":{},"b":{"0":[1,1],"1":[0,1],"2":[0,1]}}
}
