TN:
SF:src/config/redis.ts
FN:6,connectRedis
FN:11,(anonymous_2)
FN:12,(anonymous_3)
FN:13,(anonymous_4)
FN:14,(anonymous_5)
FN:19,disconnectRedis
FN:25,getRedisClient
FNF:7
FNH:0
FNDA:0,connectRedis
FNDA:0,(anonymous_2)
FNDA:0,(anonymous_3)
FNDA:0,(anonymous_4)
FNDA:0,(anonymous_5)
FNDA:0,disconnectRedis
FNDA:0,getRedisClient
DA:1,0
DA:2,0
DA:6,0
DA:7,0
DA:9,0
DA:11,0
DA:12,0
DA:13,0
DA:14,0
DA:16,0
DA:19,0
DA:20,0
DA:21,0
DA:25,0
DA:26,0
DA:27,0
DA:29,0
LF:17
LH:0
BRDA:7,0,0,0
BRDA:7,0,1,0
BRDA:20,1,0,0
BRDA:26,2,0,0
BRF:4
BRH:0
end_of_record
TN:
SF:src/middleware/validate.ts
FN:8,validateBody
FN:9,(anonymous_1)
FN:16,(anonymous_2)
FN:29,validateQuery
FN:30,(anonymous_4)
FN:37,(anonymous_5)
FNF:6
FNH:0
FNDA:0,validateBody
FNDA:0,(anonymous_1)
FNDA:0,(anonymous_2)
FNDA:0,validateQuery
FNDA:0,(anonymous_4)
FNDA:0,(anonymous_5)
DA:8,0
DA:9,0
DA:10,0
DA:15,0
DA:16,0
DA:17,0
DA:18,0
DA:21,0
DA:22,0
DA:29,0
DA:30,0
DA:31,0
DA:36,0
DA:37,0
DA:38,0
DA:39,0
DA:42,0
DA:43,0
LF:18
LH:0
BRDA:15,0,0,0
BRDA:36,1,0,0
BRF:2
BRH:0
end_of_record
TN:
SF:src/routes/cart.ts
FN:31,(anonymous_1)
FN:48,(anonymous_2)
FN:61,(anonymous_3)
FN:80,(anonymous_4)
FN:95,(anonymous_5)
FN:107,(anonymous_6)
FNF:6
FNH:0
FNDA:0,(anonymous_1)
FNDA:0,(anonymous_2)
FNDA:0,(anonymous_3)
FNDA:0,(anonymous_4)
FNDA:0,(anonymous_5)
FNDA:0,(anonymous_6)
DA:1,0
DA:2,0
DA:3,0
DA:4,0
DA:5,0
DA:7,0
DA:11,0
DA:17,0
DA:23,0
DA:31,0
DA:32,0
DA:33,0
DA:34,0
DA:36,0
DA:37,0
DA:40,0
DA:42,0
DA:43,0
DA:48,0
DA:49,0
DA:50,0
DA:51,0
DA:52,0
DA:53,0
DA:55,0
DA:56,0
DA:61,0
DA:62,0
DA:63,0
DA:64,0
DA:65,0
DA:66,0
DA:68,0
DA:69,0
DA:71,0
DA:72,0
DA:74,0
DA:75,0
DA:80,0
DA:81,0
DA:82,0
DA:83,0
DA:84,0
DA:86,0
DA:87,0
DA:89,0
DA:90,0
DA:95,0
DA:96,0
DA:97,0
DA:98,0
DA:99,0
DA:101,0
DA:102,0
DA:107,0
DA:108,0
DA:109,0
DA:110,0
DA:111,0
DA:113,0
DA:114,0
DA:116,0
DA:117,0
DA:121,0
LF:64
LH:0
BRDA:36,0,0,0
BRDA:68,1,0,0
BRDA:68,2,0,0
BRDA:68,2,1,0
BRDA:71,3,0,0
BRDA:71,4,0,0
BRDA:71,4,1,0
BRDA:86,5,0,0
BRDA:86,6,0,0
BRDA:86,6,1,0
BRDA:113,7,0,0
BRDA:113,8,0,0
BRDA:113,8,1,0
BRF:13
BRH:0
end_of_record
TN:
SF:src/services/cartService.ts
FN:11,(anonymous_1)
FN:33,(anonymous_2)
FN:48,(anonymous_3)
FN:55,(anonymous_4)
FN:80,(anonymous_5)
FN:87,(anonymous_6)
FN:109,(anonymous_7)
FN:116,(anonymous_8)
FN:127,(anonymous_9)
FN:133,(anonymous_10)
FN:148,(anonymous_11)
FN:172,(anonymous_12)
FN:183,(anonymous_13)
FN:184,(anonymous_14)
FNF:14
FNH:12
FNDA:8,(anonymous_1)
FNDA:1,(anonymous_2)
FNDA:2,(anonymous_3)
FNDA:1,(anonymous_4)
FNDA:2,(anonymous_5)
FNDA:2,(anonymous_6)
FNDA:0,(anonymous_7)
FNDA:0,(anonymous_8)
FNDA:1,(anonymous_9)
FNDA:1,(anonymous_10)
FNDA:1,(anonymous_11)
FNDA:6,(anonymous_12)
FNDA:5,(anonymous_13)
FNDA:5,(anonymous_14)
DA:1,1
DA:2,1
DA:5,1
DA:6,1
DA:8,1
DA:9,9
DA:12,8
DA:13,8
DA:14,8
DA:16,8
DA:18,7
DA:21,7
DA:22,1
DA:23,1
DA:26,7
DA:28,0
DA:29,0
DA:34,1
DA:43,1
DA:44,1
DA:45,1
DA:49,2
DA:50,2
DA:51,0
DA:54,2
DA:55,1
DA:59,2
DA:60,1
DA:62,1
DA:69,1
DA:72,2
DA:73,2
DA:75,2
DA:76,2
DA:77,2
DA:81,2
DA:82,2
DA:83,0
DA:86,2
DA:87,2
DA:91,2
DA:92,0
DA:95,2
DA:96,1
DA:98,1
DA:101,2
DA:102,2
DA:104,2
DA:105,2
DA:106,2
DA:110,0
DA:111,0
DA:112,0
DA:115,0
DA:116,0
DA:119,0
DA:120,0
DA:122,0
DA:123,0
DA:124,0
DA:128,1
DA:129,1
DA:130,1
DA:134,1
DA:135,1
DA:137,1
DA:138,0
DA:141,1
DA:142,0
DA:146,1
DA:147,1
DA:148,1
DA:152,1
DA:153,0
DA:155,1
DA:159,1
DA:160,1
DA:163,1
DA:166,1
DA:168,1
DA:169,1
DA:173,6
DA:174,6
DA:176,6
DA:177,1
DA:179,5
DA:184,5
DA:188,1
LF:88
LH:70
BRDA:16,0,0,1
BRDA:21,1,0,1
BRDA:33,2,0,0
BRDA:40,3,0,1
BRDA:40,3,1,1
BRDA:50,4,0,0
BRDA:55,5,0,1
BRDA:55,5,1,1
BRDA:59,6,0,1
BRDA:59,6,1,1
BRDA:82,7,0,0
BRDA:87,8,0,2
BRDA:87,8,1,2
BRDA:91,9,0,0
BRDA:95,10,0,1
BRDA:95,10,1,1
BRDA:111,11,0,0
BRDA:116,12,0,0
BRDA:116,12,1,0
BRDA:137,13,0,0
BRDA:141,14,0,0
BRDA:148,15,0,1
BRDA:148,15,1,0
BRDA:152,16,0,0
BRDA:152,16,1,1
BRDA:176,17,0,1
BRDA:176,17,1,5
BRF:27
BRH:16
end_of_record
TN:
SF:src/utils/logger.ts
FNF:0
FNH:0
DA:1,1
DA:3,1
DA:5,1
DA:12,1
DA:29,1
LF:5
LH:5
BRDA:13,0,0,1
BRDA:13,0,1,1
BRDA:13,1,0,0
BRDA:13,1,1,1
BRDA:22,2,0,0
BRDA:22,2,1,1
BRF:6
BRH:4
end_of_record
