TN:
SF:src/config/database.ts
FN:6,getDatabasePool
FN:15,(anonymous_2)
FN:16,(anonymous_3)
FN:21,connectDatabase
FN:27,disconnectDatabase
FNF:5
FNH:0
FNDA:0,getDatabasePool
FNDA:0,(anonymous_2)
FNDA:0,(anonymous_3)
FNDA:0,connectDatabase
FNDA:0,disconnectDatabase
DA:1,0
DA:2,0
DA:6,0
DA:7,0
DA:8,0
DA:15,0
DA:16,0
DA:18,0
DA:21,0
DA:22,0
DA:23,0
DA:24,0
DA:27,0
DA:28,0
DA:29,0
DA:30,0
LF:16
LH:0
BRDA:7,0,0,0
BRDA:28,1,0,0
BRF:2
BRH:0
end_of_record
TN:
SF:src/config/kafka.ts
FN:8,getKafkaClient
FN:18,getKafkaProducer
FN:27,getKafkaConsumer
FN:36,disconnectKafka
FNF:4
FNH:0
FNDA:0,getKafkaClient
FNDA:0,getKafkaProducer
FNDA:0,getKafkaConsumer
FNDA:0,disconnectKafka
DA:1,0
DA:2,0
DA:8,0
DA:9,0
DA:10,0
DA:15,0
DA:18,0
DA:19,0
DA:20,0
DA:21,0
DA:22,0
DA:24,0
DA:27,0
DA:28,0
DA:29,0
DA:30,0
DA:31,0
DA:33,0
DA:36,0
DA:37,0
DA:38,0
DA:40,0
DA:41,0
LF:23
LH:0
BRDA:9,0,0,0
BRDA:12,1,0,0
BRDA:12,1,1,0
BRDA:19,2,0,0
BRDA:28,3,0,0
BRDA:37,4,0,0
BRDA:40,5,0,0
BRF:7
BRH:0
end_of_record
TN:
SF:src/database/migrate.ts
FN:10,runMigrations
FN:25,(anonymous_2)
FN:35,(anonymous_3)
FN:63,(anonymous_4)
FN:64,(anonymous_5)
FNF:5
FNH:0
FNDA:0,runMigrations
FNDA:0,(anonymous_2)
FNDA:0,(anonymous_3)
FNDA:0,(anonymous_4)
FNDA:0,(anonymous_5)
DA:1,0
DA:2,0
DA:3,0
DA:4,0
DA:6,0
DA:11,0
DA:13,0
DA:15,0
DA:24,0
DA:25,0
DA:28,0
DA:29,0
DA:30,0
DA:31,0
DA:34,0
DA:35,0
DA:38,0
DA:39,0
DA:40,0
DA:41,0
DA:43,0
DA:44,0
DA:45,0
DA:46,0
DA:48,0
DA:52,0
DA:54,0
DA:55,0
DA:56,0
DA:58,0
DA:62,0
DA:63,0
DA:65,0
DA:66,0
LF:34
LH:0
BRDA:29,0,0,0
BRDA:39,1,0,0
BRF:2
BRH:0
end_of_record
TN:
SF:src/middleware/validate.ts
FN:8,validateBody
FN:9,(anonymous_1)
FN:16,(anonymous_2)
FN:29,validateQuery
FN:30,(anonymous_4)
FN:37,(anonymous_5)
FNF:6
FNH:0
FNDA:0,validateBody
FNDA:0,(anonymous_1)
FNDA:0,(anonymous_2)
FNDA:0,validateQuery
FNDA:0,(anonymous_4)
FNDA:0,(anonymous_5)
DA:8,0
DA:9,0
DA:10,0
DA:15,0
DA:16,0
DA:17,0
DA:18,0
DA:21,0
DA:22,0
DA:29,0
DA:30,0
DA:31,0
DA:36,0
DA:37,0
DA:38,0
DA:39,0
DA:42,0
DA:43,0
LF:18
LH:0
BRDA:15,0,0,0
BRDA:36,1,0,0
BRF:2
BRH:0
end_of_record
TN:
SF:src/utils/logger.ts
FNF:0
FNH:0
DA:1,0
DA:3,0
DA:5,0
DA:12,0
DA:29,0
LF:5
LH:0
BRDA:13,0,0,0
BRDA:13,0,1,0
BRDA:13,1,0,0
BRDA:13,1,1,0
BRDA:22,2,0,0
BRDA:22,2,1,0
BRF:6
BRH:0
end_of_record
