TN:
SF:src/config/database.ts
FN:6,getDatabasePool
FN:15,(anonymous_2)
FN:16,(anonymous_3)
FN:21,connectDatabase
FN:27,disconnectDatabase
FNF:5
FNH:0
FNDA:0,getDatabasePool
FNDA:0,(anonymous_2)
FNDA:0,(anonymous_3)
FNDA:0,connectDatabase
FNDA:0,disconnectDatabase
DA:1,0
DA:2,0
DA:6,0
DA:7,0
DA:8,0
DA:15,0
DA:16,0
DA:18,0
DA:21,0
DA:22,0
DA:23,0
DA:24,0
DA:27,0
DA:28,0
DA:29,0
DA:30,0
LF:16
LH:0
BRDA:7,0,0,0
BRDA:28,1,0,0
BRF:2
BRH:0
end_of_record
TN:
SF:src/config/kafka.ts
FN:8,getKafkaClient
FN:18,getKafkaProducer
FN:27,getKafkaConsumer
FN:36,disconnectKafka
FNF:4
FNH:0
FNDA:0,getKafkaClient
FNDA:0,getKafkaProducer
FNDA:0,getKafkaConsumer
FNDA:0,disconnectKafka
DA:1,0
DA:2,0
DA:8,0
DA:9,0
DA:10,0
DA:15,0
DA:18,0
DA:19,0
DA:20,0
DA:21,0
DA:22,0
DA:24,0
DA:27,0
DA:28,0
DA:29,0
DA:30,0
DA:31,0
DA:33,0
DA:36,0
DA:37,0
DA:38,0
DA:40,0
DA:41,0
LF:23
LH:0
BRDA:9,0,0,0
BRDA:12,1,0,0
BRDA:12,1,1,0
BRDA:19,2,0,0
BRDA:28,3,0,0
BRDA:37,4,0,0
BRDA:40,5,0,0
BRF:7
BRH:0
end_of_record
TN:
SF:src/database/migrate.ts
FN:10,runMigrations
FN:25,(anonymous_2)
FN:35,(anonymous_3)
FN:63,(anonymous_4)
FN:64,(anonymous_5)
FNF:5
FNH:0
FNDA:0,runMigrations
FNDA:0,(anonymous_2)
FNDA:0,(anonymous_3)
FNDA:0,(anonymous_4)
FNDA:0,(anonymous_5)
DA:1,0
DA:2,0
DA:3,0
DA:4,0
DA:6,0
DA:11,0
DA:13,0
DA:15,0
DA:24,0
DA:25,0
DA:28,0
DA:29,0
DA:30,0
DA:31,0
DA:34,0
DA:35,0
DA:38,0
DA:39,0
DA:40,0
DA:41,0
DA:43,0
DA:44,0
DA:45,0
DA:46,0
DA:48,0
DA:52,0
DA:54,0
DA:55,0
DA:56,0
DA:58,0
DA:62,0
DA:63,0
DA:65,0
DA:66,0
LF:34
LH:0
BRDA:29,0,0,0
BRDA:39,1,0,0
BRF:2
BRH:0
end_of_record
TN:
SF:src/middleware/validate.ts
FN:8,validateBody
FN:9,(anonymous_1)
FN:16,(anonymous_2)
FN:29,validateQuery
FN:30,(anonymous_4)
FN:37,(anonymous_5)
FNF:6
FNH:0
FNDA:0,validateBody
FNDA:0,(anonymous_1)
FNDA:0,(anonymous_2)
FNDA:0,validateQuery
FNDA:0,(anonymous_4)
FNDA:0,(anonymous_5)
DA:8,0
DA:9,0
DA:10,0
DA:15,0
DA:16,0
DA:17,0
DA:18,0
DA:21,0
DA:22,0
DA:29,0
DA:30,0
DA:31,0
DA:36,0
DA:37,0
DA:38,0
DA:39,0
DA:42,0
DA:43,0
LF:18
LH:0
BRDA:15,0,0,0
BRDA:36,1,0,0
BRF:2
BRH:0
end_of_record
TN:
SF:src/services/inventoryService.ts
FN:9,(anonymous_1)
FN:37,(anonymous_2)
FN:41,(anonymous_3)
FN:45,(anonymous_4)
FN:49,(anonymous_5)
FN:60,(anonymous_6)
FN:91,(anonymous_7)
FN:117,(anonymous_8)
FN:121,(anonymous_9)
FN:125,(anonymous_10)
FN:129,(anonymous_11)
FN:133,(anonymous_12)
FN:151,(anonymous_13)
FNF:13
FNH:2
FNDA:1,(anonymous_1)
FNDA:0,(anonymous_2)
FNDA:0,(anonymous_3)
FNDA:0,(anonymous_4)
FNDA:0,(anonymous_5)
FNDA:0,(anonymous_6)
FNDA:0,(anonymous_7)
FNDA:0,(anonymous_8)
FNDA:0,(anonymous_9)
FNDA:0,(anonymous_10)
FNDA:0,(anonymous_11)
FNDA:1,(anonymous_12)
FNDA:0,(anonymous_13)
DA:1,1
DA:2,1
DA:4,1
DA:6,1
DA:7,2
DA:10,1
DA:20,1
DA:23,1
DA:26,0
DA:34,0
DA:38,0
DA:42,0
DA:46,0
DA:50,0
DA:52,0
DA:53,0
DA:54,0
DA:57,0
DA:61,0
DA:62,0
DA:63,0
DA:66,0
DA:75,0
DA:77,0
DA:78,0
DA:79,0
DA:82,0
DA:92,0
DA:93,0
DA:94,0
DA:97,0
DA:106,0
DA:108,0
DA:118,0
DA:122,0
DA:126,0
DA:130,0
DA:134,1
DA:135,0
DA:141,0
DA:142,0
DA:152,0
DA:153,0
DA:154,0
DA:158,0
DA:160,0
DA:165,1
LF:47
LH:10
BRDA:16,0,0,1
BRDA:16,0,1,1
BRDA:53,1,0,0
BRDA:62,2,0,0
BRDA:78,3,0,0
BRDA:93,4,0,0
BRDA:134,5,0,0
BRDA:134,5,1,0
BRDA:141,6,0,0
BRF:9
BRH:2
end_of_record
TN:
SF:src/utils/logger.ts
FNF:0
FNH:0
DA:1,1
DA:3,1
DA:5,1
DA:12,1
DA:29,1
LF:5
LH:5
BRDA:13,0,0,1
BRDA:13,0,1,1
BRDA:13,1,0,0
BRDA:13,1,1,1
BRDA:22,2,0,0
BRDA:22,2,1,1
BRF:6
BRH:4
end_of_record
