TN:
SF:src/__tests__/setup.ts
FN:6,(anonymous_1)
FN:16,(anonymous_2)
FN:25,(anonymous_3)
FNF:3
FNH:0
FNDA:0,(anonymous_1)
FNDA:0,(anonymous_2)
FNDA:0,(anonymous_3)
DA:1,0
DA:2,0
DA:6,0
DA:7,0
DA:8,0
DA:9,0
DA:10,0
DA:12,0
DA:16,0
DA:17,0
DA:18,0
DA:20,0
DA:21,0
DA:25,0
DA:26,0
DA:27,0
DA:28,0
DA:29,0
DA:30,0
LF:19
LH:0
BRDA:17,0,0,0
BRDA:20,1,0,0
BRDA:26,2,0,0
BRF:3
BRH:0
end_of_record
TN:
SF:src/config/app.ts
FNF:0
FNH:0
DA:1,0
DA:4,0
DA:6,0
LF:3
LH:0
BRDA:7,0,0,0
BRDA:7,0,1,0
BRDA:8,1,0,0
BRDA:8,1,1,0
BRDA:9,2,0,0
BRDA:9,2,1,0
BRDA:13,3,0,0
BRDA:13,3,1,0
BRDA:23,4,0,0
BRDA:23,4,1,0
BRDA:24,5,0,0
BRDA:24,5,1,0
BRDA:25,6,0,0
BRDA:25,6,1,0
BRDA:26,7,0,0
BRDA:26,7,1,0
BRDA:34,8,0,0
BRDA:34,8,1,0
BRDA:44,9,0,0
BRDA:44,9,1,0
BRDA:45,10,0,0
BRDA:45,10,1,0
BRDA:46,11,0,0
BRDA:46,11,1,0
BRDA:51,12,0,0
BRDA:51,12,1,0
BRDA:57,13,0,0
BRDA:57,13,1,0
BRDA:62,14,0,0
BRDA:62,14,1,0
BRDA:63,15,0,0
BRDA:63,15,1,0
BRDA:70,16,0,0
BRDA:70,16,1,0
BRDA:82,17,0,0
BRDA:82,17,1,0
BRDA:86,18,0,0
BRDA:86,18,1,0
BRDA:93,19,0,0
BRDA:93,19,1,0
BRDA:94,20,0,0
BRDA:94,20,1,0
BRDA:99,21,0,0
BRDA:99,21,1,0
BRF:44
BRH:0
end_of_record
TN:
SF:src/middleware/error-handler.ts
FN:5,(anonymous_0)
FN:50,(anonymous_1)
FNF:2
FNH:0
FNDA:0,(anonymous_0)
FNDA:0,(anonymous_1)
DA:2,0
DA:3,0
DA:5,0
DA:11,0
DA:12,0
DA:15,0
DA:29,0
DA:30,0
DA:31,0
DA:40,0
DA:41,0
DA:44,0
DA:48,0
DA:49,0
DA:50,0
DA:55,0
DA:66,0
DA:67,0
DA:77,0
DA:78,0
DA:87,0
DA:88,0
DA:98,0
DA:99,0
DA:101,0
LF:25
LH:0
BRDA:11,0,0,0
BRDA:11,0,1,0
BRDA:24,1,0,0
BRDA:24,1,1,0
BRDA:29,2,0,0
BRDA:40,3,0,0
BRDA:48,4,0,0
BRDA:66,5,0,0
BRDA:77,6,0,0
BRDA:87,7,0,0
BRDA:98,8,0,0
BRDA:98,8,1,0
BRDA:99,9,0,0
BRDA:99,9,1,0
BRF:14
BRH:0
end_of_record
TN:
SF:src/middleware/metrics.ts
FN:50,(anonymous_1)
FN:61,(anonymous_2)
FN:78,(anonymous_3)
FN:88,getRoutePattern
FNF:4
FNH:0
FNDA:0,(anonymous_1)
FNDA:0,(anonymous_2)
FNDA:0,(anonymous_3)
FNDA:0,getRoutePattern
DA:2,0
DA:6,0
DA:9,0
DA:12,0
DA:20,0
DA:27,0
DA:33,0
DA:50,0
DA:51,0
DA:54,0
DA:61,0
DA:62,0
DA:64,0
DA:74,0
DA:78,0
DA:79,0
DA:80,0
DA:81,0
DA:82,0
DA:84,0
DA:90,0
LF:21
LH:0
BRDA:90,0,0,0
BRDA:90,0,1,0
BRF:2
BRH:0
end_of_record
TN:
SF:src/middleware/rate-limiter.ts
FN:16,(anonymous_1)
FN:20,(anonymous_2)
FN:29,(anonymous_3)
FNF:3
FNH:0
FNDA:0,(anonymous_1)
FNDA:0,(anonymous_2)
FNDA:0,(anonymous_3)
DA:1,0
DA:2,0
DA:3,0
DA:5,0
DA:18,0
DA:21,0
DA:31,0
LF:7
LH:0
BRDA:18,0,0,0
BRDA:18,0,1,0
BRDA:31,1,0,0
BRDA:31,1,1,0
BRF:4
BRH:0
end_of_record
TN:
SF:src/middleware/request-logger.ts
FN:5,(anonymous_0)
FN:27,(anonymous_1)
FNF:2
FNH:0
FNDA:0,(anonymous_0)
FNDA:0,(anonymous_1)
DA:2,0
DA:3,0
DA:5,0
DA:7,0
DA:11,0
DA:14,0
DA:17,0
DA:27,0
DA:28,0
DA:30,0
DA:31,0
DA:40,0
DA:52,0
DA:54,0
LF:14
LH:0
BRDA:7,0,0,0
BRDA:7,0,1,0
BRDA:7,0,2,0
BRDA:30,1,0,0
BRDA:30,1,1,0
BRF:5
BRH:0
end_of_record
TN:
SF:src/middleware/tracing.ts
FN:5,(anonymous_0)
FN:21,(anonymous_1)
FN:38,(anonymous_2)
FNF:3
FNH:0
FNDA:0,(anonymous_0)
FNDA:0,(anonymous_1)
FNDA:0,(anonymous_2)
DA:2,0
DA:3,0
DA:5,0
DA:6,0
DA:18,0
DA:21,0
DA:22,0
DA:27,0
DA:28,0
DA:34,0
DA:38,0
DA:39,0
DA:40,0
DA:44,0
DA:47,0
LF:15
LH:0
BRDA:6,0,0,0
BRDA:6,0,1,0
BRDA:24,1,0,0
BRDA:24,1,1,0
BRDA:27,2,0,0
BRF:5
BRH:0
end_of_record
TN:
SF:src/services/ProductService.ts
FN:76,(anonymous_0)
FN:82,(anonymous_1)
FN:83,(anonymous_2)
FN:158,(anonymous_3)
FN:159,(anonymous_4)
FN:192,(anonymous_5)
FN:193,(anonymous_6)
FN:226,(anonymous_7)
FN:227,(anonymous_8)
FN:299,(anonymous_9)
FN:300,(anonymous_10)
FN:335,(anonymous_11)
FN:340,(anonymous_12)
FN:385,(anonymous_13)
FN:429,(anonymous_14)
FN:451,(anonymous_15)
FN:455,(anonymous_16)
FNF:17
FNH:3
FNDA:2,(anonymous_0)
FNDA:2,(anonymous_1)
FNDA:2,(anonymous_2)
FNDA:0,(anonymous_3)
FNDA:0,(anonymous_4)
FNDA:0,(anonymous_5)
FNDA:0,(anonymous_6)
FNDA:0,(anonymous_7)
FNDA:0,(anonymous_8)
FNDA:0,(anonymous_9)
FNDA:0,(anonymous_10)
FNDA:0,(anonymous_11)
FNDA:0,(anonymous_12)
FNDA:0,(anonymous_13)
FNDA:0,(anonymous_14)
FNDA:0,(anonymous_15)
FNDA:0,(anonymous_16)
DA:2,1
DA:6,1
DA:7,1
DA:8,1
DA:75,1
DA:77,2
DA:78,2
DA:79,2
DA:83,2
DA:84,2
DA:89,2
DA:91,2
DA:92,2
DA:93,0
DA:97,2
DA:98,2
DA:99,1
DA:103,1
DA:120,1
DA:123,1
DA:131,1
DA:134,1
DA:135,1
DA:137,1
DA:142,1
DA:144,1
DA:146,1
DA:147,1
DA:151,1
DA:153,2
DA:159,0
DA:160,0
DA:162,0
DA:163,0
DA:166,0
DA:167,0
DA:168,0
DA:169,0
DA:173,0
DA:174,0
DA:175,0
DA:179,0
DA:181,0
DA:183,0
DA:184,0
DA:185,0
DA:187,0
DA:193,0
DA:194,0
DA:196,0
DA:197,0
DA:200,0
DA:201,0
DA:202,0
DA:203,0
DA:207,0
DA:208,0
DA:209,0
DA:213,0
DA:215,0
DA:217,0
DA:218,0
DA:219,0
DA:221,0
DA:227,0
DA:228,0
DA:230,0
DA:232,0
DA:233,0
DA:234,0
DA:235,0
DA:240,0
DA:241,0
DA:245,0
DA:246,0
DA:251,0
DA:257,0
DA:262,0
DA:263,0
DA:267,0
DA:275,0
DA:278,0
DA:279,0
DA:280,0
DA:282,0
DA:288,0
DA:290,0
DA:291,0
DA:292,0
DA:294,0
DA:300,0
DA:301,0
DA:303,0
DA:304,0
DA:305,0
DA:306,0
DA:310,0
DA:317,0
DA:320,0
DA:321,0
DA:322,0
DA:324,0
DA:326,0
DA:327,0
DA:328,0
DA:330,0
DA:340,0
DA:341,0
DA:343,0
DA:344,0
DA:346,0
DA:350,0
DA:351,0
DA:353,0
DA:354,0
DA:355,0
DA:357,0
DA:366,0
DA:367,0
DA:369,0
DA:376,0
DA:377,0
DA:378,0
DA:380,0
DA:386,0
DA:388,0
DA:389,0
DA:396,0
DA:397,0
DA:400,0
DA:401,0
DA:404,0
DA:405,0
DA:408,0
DA:409,0
DA:412,0
DA:413,0
DA:416,0
DA:417,0
DA:418,0
DA:419,0
DA:421,0
DA:422,0
DA:426,0
DA:430,0
DA:432,0
DA:434,0
DA:435,0
DA:437,0
DA:438,0
DA:440,0
DA:441,0
DA:444,0
DA:445,0
DA:448,0
DA:455,0
DA:456,0
DA:458,0
DA:459,0
DA:461,0
DA:462,0
DA:463,0
DA:466,0
DA:467,0
DA:468,0
DA:470,0
DA:479,0
DA:480,0
DA:486,0
DA:488,0
DA:490,0
DA:491,0
DA:492,0
DA:494,0
LF:174
LH:29
BRDA:92,0,0,0
BRDA:98,1,0,1
BRDA:107,2,0,1
BRDA:107,2,1,0
BRDA:110,3,0,1
BRDA:110,3,1,0
BRDA:111,4,0,1
BRDA:111,4,1,0
BRDA:112,5,0,1
BRDA:112,5,1,1
BRDA:113,6,0,1
BRDA:113,6,1,1
BRDA:167,7,0,0
BRDA:174,8,0,0
BRDA:201,9,0,0
BRDA:208,10,0,0
BRDA:232,11,0,0
BRDA:234,12,0,0
BRDA:240,13,0,0
BRDA:245,14,0,0
BRDA:253,15,0,0
BRDA:253,15,1,0
BRDA:262,16,0,0
BRDA:305,17,0,0
BRDA:337,18,0,0
BRDA:338,19,0,0
BRDA:353,20,0,0
BRDA:353,20,1,0
BRDA:354,21,0,0
BRDA:354,21,1,0
BRDA:367,22,0,0
BRDA:367,22,1,0
BRDA:373,23,0,0
BRDA:373,23,1,0
BRDA:388,24,0,0
BRDA:396,25,0,0
BRDA:400,26,0,0
BRDA:404,27,0,0
BRDA:408,28,0,0
BRDA:412,29,0,0
BRDA:412,30,0,0
BRDA:412,30,1,0
BRDA:416,31,0,0
BRDA:416,32,0,0
BRDA:416,32,1,0
BRDA:418,33,0,0
BRDA:421,34,0,0
BRDA:432,35,0,0
BRDA:432,35,1,0
BRDA:432,35,2,0
BRDA:432,35,3,0
BRDA:432,35,4,0
BRDA:434,36,0,0
BRDA:434,36,1,0
BRDA:437,37,0,0
BRDA:437,37,1,0
BRDA:440,38,0,0
BRDA:440,38,1,0
BRDA:444,39,0,0
BRDA:444,39,1,0
BRDA:453,40,0,0
BRDA:459,41,0,0
BRDA:459,41,1,0
BRDA:459,42,0,0
BRDA:459,42,1,0
BRDA:462,43,0,0
BRDA:466,44,0,0
BRDA:466,44,1,0
BRDA:467,45,0,0
BRDA:467,45,1,0
BRDA:481,46,0,0
BRDA:481,46,1,0
BRF:72
BRH:8
end_of_record
TN:
SF:src/utils/async-handler.ts
FN:2,(anonymous_0)
FN:2,(anonymous_1)
FNF:2
FNH:0
FNDA:0,(anonymous_0)
FNDA:0,(anonymous_1)
DA:2,0
DA:3,0
LF:2
LH:0
BRF:0
BRH:0
end_of_record
TN:
SF:src/utils/errors.ts
FN:7,(anonymous_0)
FN:20,(anonymous_1)
FN:27,(anonymous_2)
FN:33,(anonymous_3)
FN:39,(anonymous_4)
FN:45,(anonymous_5)
FN:51,(anonymous_6)
FN:57,(anonymous_7)
FN:57,(anonymous_8)
FNF:9
FNH:2
FNDA:1,(anonymous_0)
FNDA:0,(anonymous_1)
FNDA:0,(anonymous_2)
FNDA:1,(anonymous_3)
FNDA:0,(anonymous_4)
FNDA:0,(anonymous_5)
FNDA:0,(anonymous_6)
FNDA:0,(anonymous_7)
FNDA:0,(anonymous_8)
DA:2,1
DA:8,1
DA:9,1
DA:10,1
DA:11,1
DA:13,1
DA:17,1
DA:21,0
DA:22,0
DA:26,1
DA:28,0
DA:32,1
DA:34,1
DA:38,1
DA:40,0
DA:44,1
DA:46,0
DA:50,1
DA:52,0
DA:57,1
DA:58,0
LF:21
LH:14
BRDA:7,0,0,0
BRDA:7,1,0,1
BRDA:20,2,0,0
BRDA:27,3,0,0
BRDA:39,4,0,0
BRDA:45,5,0,0
BRDA:51,6,0,0
BRF:7
BRH:1
end_of_record
TN:
SF:src/utils/logger.ts
FN:33,(anonymous_1)
FNF:1
FNH:0
FNDA:0,(anonymous_1)
DA:1,0
DA:2,0
DA:3,0
DA:6,0
DA:14,0
DA:23,0
DA:26,0
DA:29,0
DA:34,0
DA:36,0
DA:37,0
DA:40,0
DA:41,0
DA:44,0
DA:45,0
DA:48,0
DA:53,0
DA:60,0
DA:67,0
DA:97,0
DA:98,0
DA:104,0
DA:111,0
DA:118,0
LF:24
LH:0
BRDA:36,0,0,0
BRDA:40,1,0,0
BRDA:44,2,0,0
BRDA:97,3,0,0
BRF:4
BRH:0
end_of_record
