{"/home/robbie/.openclaw/workspace/ecommerce-microservice/sample-code/order-service/src/config/database.ts": {"path":"/home/robbie/.openclaw/workspace/ecommerce-microservice/sample-code/order-service/src/config/database.ts","statementMap":{"0":{"start":{"line":6,"column":0},"end":{"line":6,"column":16}},"1":{"start":{"line":21,"column":0},"end":{"line":21,"column":7}},"2":{"start":{"line":27,"column":0},"end":{"line":27,"column":7}},"3":{"start":{"line":1,"column":0},"end":{"line":1,"column":26}},"4":{"start":{"line":2,"column":0},"end":{"line":2,"column":37}},"5":{"start":{"line":7,"column":2},"end":{"line":17,"column":3}},"6":{"start":{"line":8,"column":4},"end":{"line":13,"column":7}},"7":{"start":{"line":15,"column":4},"end":{"line":15,"column":70}},"8":{"start":{"line":15,"column":29},"end":{"line":15,"column":68}},"9":{"start":{"line":16,"column":4},"end":{"line":16,"column":91}},"10":{"start":{"line":16,"column":30},"end":{"line":16,"column":89}},"11":{"start":{"line":18,"column":2},"end":{"line":18,"column":14}},"12":{"start":{"line":22,"column":15},"end":{"line":22,"column":32}},"13":{"start":{"line":23,"column":2},"end":{"line":23,"column":31}},"14":{"start":{"line":24,"column":2},"end":{"line":24,"column":36}},"15":{"start":{"line":28,"column":2},"end":{"line":31,"column":3}},"16":{"start":{"line":29,"column":4},"end":{"line":29,"column":21}},"17":{"start":{"line":30,"column":4},"end":{"line":30,"column":41}}},"fnMap":{"0":{"name":"getDatabasePool","decl":{"start":{"line":6,"column":16},"end":{"line":6,"column":31}},"loc":{"start":{"line":6,"column":31},"end":{"line":19,"column":1}}},"1":{"name":"(anonymous_2)","decl":{"start":{"line":15,"column":23},"end":{"line":15,"column":26}},"loc":{"start":{"line":15,"column":29},"end":{"line":15,"column":68}}},"2":{"name":"(anonymous_3)","decl":{"start":{"line":16,"column":21},"end":{"line":16,"column":22}},"loc":{"start":{"line":16,"column":30},"end":{"line":16,"column":89}}},"3":{"name":"connectDatabase","decl":{"start":{"line":21,"column":22},"end":{"line":21,"column":37}},"loc":{"start":{"line":21,"column":37},"end":{"line":25,"column":1}}},"4":{"name":"disconnectDatabase","decl":{"start":{"line":27,"column":22},"end":{"line":27,"column":40}},"loc":{"start":{"line":27,"column":40},"end":{"line":32,"column":1}}}},"branchMap":{"0":{"loc":{"start":{"line":7,"column":2},"end":{"line":17,"column":3}},"type":"if","locations":[{"start":{"line":7,"column":2},"end":{"line":17,"column":3}}]},"1":{"loc":{"start":{"line":28,"column":2},"end":{"line":31,"column":3}},"type":"if","locations":[{"start":{"line":28,"column":2},"end":{"line":31,"column":3}}]}},"s":{"0":0,"1":0,"2":0,"3":0,"4":0,"5":0,"6":0,"7":0,"8":0,"9":0,"10":0,"11":0,"12":0,"13":0,"14":0,"15":0,"16":0,"17":0},"f":{"0":0,"1":0,"2":0,"3":0,"4":0},"b":{"0":[0],"1":[0]}}
,"/home/robbie/.openclaw/workspace/ecommerce-microservice/sample-code/order-service/src/config/kafka.ts": {"path":"/home/robbie/.openclaw/workspace/ecommerce-microservice/sample-code/order-service/src/config/kafka.ts","statementMap":{"0":{"start":{"line":8,"column":0},"end":{"line":8,"column":16}},"1":{"start":{"line":18,"column":0},"end":{"line":18,"column":7}},"2":{"start":{"line":27,"column":0},"end":{"line":27,"column":7}},"3":{"start":{"line":36,"column":0},"end":{"line":36,"column":7}},"4":{"start":{"line":1,"column":0},"end":{"line":1,"column":52}},"5":{"start":{"line":2,"column":0},"end":{"line":2,"column":37}},"6":{"start":{"line":9,"column":2},"end":{"line":14,"column":3}},"7":{"start":{"line":10,"column":4},"end":{"line":13,"column":7}},"8":{"start":{"line":15,"column":2},"end":{"line":15,"column":15}},"9":{"start":{"line":19,"column":2},"end":{"line":23,"column":3}},"10":{"start":{"line":20,"column":4},"end":{"line":20,"column":43}},"11":{"start":{"line":21,"column":4},"end":{"line":21,"column":29}},"12":{"start":{"line":22,"column":4},"end":{"line":22,"column":44}},"13":{"start":{"line":24,"column":2},"end":{"line":24,"column":18}},"14":{"start":{"line":28,"column":2},"end":{"line":32,"column":3}},"15":{"start":{"line":29,"column":4},"end":{"line":29,"column":77}},"16":{"start":{"line":30,"column":4},"end":{"line":30,"column":29}},"17":{"start":{"line":31,"column":4},"end":{"line":31,"column":44}},"18":{"start":{"line":33,"column":2},"end":{"line":33,"column":18}},"19":{"start":{"line":37,"column":2},"end":{"line":39,"column":3}},"20":{"start":{"line":38,"column":4},"end":{"line":38,"column":32}},"21":{"start":{"line":40,"column":2},"end":{"line":42,"column":3}},"22":{"start":{"line":41,"column":4},"end":{"line":41,"column":32}}},"fnMap":{"0":{"name":"getKafkaClient","decl":{"start":{"line":8,"column":16},"end":{"line":8,"column":30}},"loc":{"start":{"line":8,"column":30},"end":{"line":16,"column":1}}},"1":{"name":"getKafkaProducer","decl":{"start":{"line":18,"column":22},"end":{"line":18,"column":38}},"loc":{"start":{"line":18,"column":38},"end":{"line":25,"column":1}}},"2":{"name":"getKafkaConsumer","decl":{"start":{"line":27,"column":22},"end":{"line":27,"column":38}},"loc":{"start":{"line":27,"column":38},"end":{"line":34,"column":1}}},"3":{"name":"disconnectKafka","decl":{"start":{"line":36,"column":22},"end":{"line":36,"column":37}},"loc":{"start":{"line":36,"column":37},"end":{"line":43,"column":1}}}},"branchMap":{"0":{"loc":{"start":{"line":9,"column":2},"end":{"line":14,"column":3}},"type":"if","locations":[{"start":{"line":9,"column":2},"end":{"line":14,"column":3}}]},"1":{"loc":{"start":{"line":12,"column":16},"end":{"line":12,"column":61}},"type":"binary-expr","locations":[{"start":{"line":12,"column":16},"end":{"line":12,"column":41}},{"start":{"line":12,"column":45},"end":{"line":12,"column":61}}]},"2":{"loc":{"start":{"line":19,"column":2},"end":{"line":23,"column":3}},"type":"if","locations":[{"start":{"line":19,"column":2},"end":{"line":23,"column":3}}]},"3":{"loc":{"start":{"line":28,"column":2},"end":{"line":32,"column":3}},"type":"if","locations":[{"start":{"line":28,"column":2},"end":{"line":32,"column":3}}]},"4":{"loc":{"start":{"line":37,"column":2},"end":{"line":39,"column":3}},"type":"if","locations":[{"start":{"line":37,"column":2},"end":{"line":39,"column":3}}]},"5":{"loc":{"start":{"line":40,"column":2},"end":{"line":42,"column":3}},"type":"if","locations":[{"start":{"line":40,"column":2},"end":{"line":42,"column":3}}]}},"s":{"0":0,"1":0,"2":0,"3":0,"4":0,"5":0,"6":0,"7":0,"8":0,"9":0,"10":0,"11":0,"12":0,"13":0,"14":0,"15":0,"16":0,"17":0,"18":0,"19":0,"20":0,"21":0,"22":0},"f":{"0":0,"1":0,"2":0,"3":0},"b":{"0":[0],"1":[0,0],"2":[0],"3":[0],"4":[0],"5":[0]}}
,"/home/robbie/.openclaw/workspace/ecommerce-microservice/sample-code/order-service/src/database/migrate.ts": {"path":"/home/robbie/.openclaw/workspace/ecommerce-microservice/sample-code/order-service/src/database/migrate.ts","statementMap":{"0":{"start":{"line":1,"column":0},"end":{"line":1,"column":20}},"1":{"start":{"line":2,"column":0},"end":{"line":2,"column":24}},"2":{"start":{"line":3,"column":0},"end":{"line":3,"column":26}},"3":{"start":{"line":4,"column":0},"end":{"line":4,"column":37}},"4":{"start":{"line":6,"column":13},"end":{"line":8,"column":2}},"5":{"start":{"line":11,"column":17},"end":{"line":11,"column":37}},"6":{"start":{"line":13,"column":2},"end":{"line":59,"column":3}},"7":{"start":{"line":15,"column":4},"end":{"line":21,"column":7}},"8":{"start":{"line":24,"column":19},"end":{"line":24,"column":80}},"9":{"start":{"line":25,"column":31},"end":{"line":25,"column":72}},"10":{"start":{"line":25,"column":62},"end":{"line":25,"column":70}},"11":{"start":{"line":28,"column":26},"end":{"line":28,"column":60}},"12":{"start":{"line":29,"column":4},"end":{"line":32,"column":5}},"13":{"start":{"line":30,"column":6},"end":{"line":30,"column":51}},"14":{"start":{"line":31,"column":6},"end":{"line":31,"column":13}},"15":{"start":{"line":34,"column":18},"end":{"line":36,"column":13}},"16":{"start":{"line":35,"column":22},"end":{"line":35,"column":43}},"17":{"start":{"line":38,"column":4},"end":{"line":50,"column":5}},"18":{"start":{"line":39,"column":6},"end":{"line":49,"column":7}},"19":{"start":{"line":40,"column":8},"end":{"line":40,"column":50}},"20":{"start":{"line":41,"column":20},"end":{"line":41,"column":75}},"21":{"start":{"line":43,"column":8},"end":{"line":43,"column":36}},"22":{"start":{"line":44,"column":8},"end":{"line":44,"column":32}},"23":{"start":{"line":45,"column":8},"end":{"line":45,"column":80}},"24":{"start":{"line":46,"column":8},"end":{"line":46,"column":37}},"25":{"start":{"line":48,"column":8},"end":{"line":48,"column":51}},"26":{"start":{"line":52,"column":4},"end":{"line":52,"column":44}},"27":{"start":{"line":54,"column":4},"end":{"line":54,"column":35}},"28":{"start":{"line":55,"column":4},"end":{"line":55,"column":48}},"29":{"start":{"line":56,"column":4},"end":{"line":56,"column":16}},"30":{"start":{"line":58,"column":4},"end":{"line":58,"column":21}},"31":{"start":{"line":62,"column":0},"end":{"line":67,"column":5}},"32":{"start":{"line":63,"column":14},"end":{"line":63,"column":29}},"33":{"start":{"line":65,"column":4},"end":{"line":65,"column":60}},"34":{"start":{"line":66,"column":4},"end":{"line":66,"column":20}}},"fnMap":{"0":{"name":"runMigrations","decl":{"start":{"line":10,"column":15},"end":{"line":10,"column":28}},"loc":{"start":{"line":10,"column":28},"end":{"line":60,"column":1}}},"1":{"name":"(anonymous_2)","decl":{"start":{"line":25,"column":55},"end":{"line":25,"column":58}},"loc":{"start":{"line":25,"column":62},"end":{"line":25,"column":70}}},"2":{"name":"(anonymous_3)","decl":{"start":{"line":35,"column":14},"end":{"line":35,"column":18}},"loc":{"start":{"line":35,"column":22},"end":{"line":35,"column":43}}},"3":{"name":"(anonymous_4)","decl":{"start":{"line":63,"column":8},"end":{"line":63,"column":11}},"loc":{"start":{"line":63,"column":14},"end":{"line":63,"column":29}}},"4":{"name":"(anonymous_5)","decl":{"start":{"line":64,"column":9},"end":{"line":64,"column":10}},"loc":{"start":{"line":64,"column":17},"end":{"line":67,"column":3}}}},"branchMap":{"0":{"loc":{"start":{"line":29,"column":4},"end":{"line":32,"column":5}},"type":"if","locations":[{"start":{"line":29,"column":4},"end":{"line":32,"column":5}}]},"1":{"loc":{"start":{"line":39,"column":6},"end":{"line":49,"column":7}},"type":"if","locations":[{"start":{"line":39,"column":6},"end":{"line":49,"column":7}}]}},"s":{"0":0,"1":0,"2":0,"3":0,"4":0,"5":0,"6":0,"7":0,"8":0,"9":0,"10":0,"11":0,"12":0,"13":0,"14":0,"15":0,"16":0,"17":0,"18":0,"19":0,"20":0,"21":0,"22":0,"23":0,"24":0,"25":0,"26":0,"27":0,"28":0,"29":0,"30":0,"31":0,"32":0,"33":0,"34":0},"f":{"0":0,"1":0,"2":0,"3":0,"4":0},"b":{"0":[0],"1":[0]}}
,"/home/robbie/.openclaw/workspace/ecommerce-microservice/sample-code/order-service/src/middleware/validate.ts": {"path":"/home/robbie/.openclaw/workspace/ecommerce-microservice/sample-code/order-service/src/middleware/validate.ts","statementMap":{"0":{"start":{"line":8,"column":0},"end":{"line":8,"column":16}},"1":{"start":{"line":29,"column":0},"end":{"line":29,"column":16}},"2":{"start":{"line":9,"column":2},"end":{"line":23,"column":4}},"3":{"start":{"line":10,"column":29},"end":{"line":13,"column":6}},"4":{"start":{"line":15,"column":4},"end":{"line":19,"column":5}},"5":{"start":{"line":16,"column":22},"end":{"line":16,"column":57}},"6":{"start":{"line":16,"column":47},"end":{"line":16,"column":56}},"7":{"start":{"line":17,"column":6},"end":{"line":17,"column":85}},"8":{"start":{"line":18,"column":6},"end":{"line":18,"column":13}},"9":{"start":{"line":21,"column":4},"end":{"line":21,"column":21}},"10":{"start":{"line":22,"column":4},"end":{"line":22,"column":11}},"11":{"start":{"line":30,"column":2},"end":{"line":44,"column":4}},"12":{"start":{"line":31,"column":29},"end":{"line":34,"column":6}},"13":{"start":{"line":36,"column":4},"end":{"line":40,"column":5}},"14":{"start":{"line":37,"column":22},"end":{"line":37,"column":57}},"15":{"start":{"line":37,"column":47},"end":{"line":37,"column":56}},"16":{"start":{"line":38,"column":6},"end":{"line":38,"column":85}},"17":{"start":{"line":39,"column":6},"end":{"line":39,"column":13}},"18":{"start":{"line":42,"column":4},"end":{"line":42,"column":22}},"19":{"start":{"line":43,"column":4},"end":{"line":43,"column":11}}},"fnMap":{"0":{"name":"validateBody","decl":{"start":{"line":8,"column":16},"end":{"line":8,"column":28}},"loc":{"start":{"line":8,"column":53},"end":{"line":24,"column":1}}},"1":{"name":"(anonymous_1)","decl":{"start":{"line":9,"column":9},"end":{"line":9,"column":10}},"loc":{"start":{"line":9,"column":67},"end":{"line":23,"column":3}}},"2":{"name":"(anonymous_2)","decl":{"start":{"line":16,"column":40},"end":{"line":16,"column":41}},"loc":{"start":{"line":16,"column":47},"end":{"line":16,"column":56}}},"3":{"name":"validateQuery","decl":{"start":{"line":29,"column":16},"end":{"line":29,"column":29}},"loc":{"start":{"line":29,"column":54},"end":{"line":45,"column":1}}},"4":{"name":"(anonymous_4)","decl":{"start":{"line":30,"column":9},"end":{"line":30,"column":10}},"loc":{"start":{"line":30,"column":67},"end":{"line":44,"column":3}}},"5":{"name":"(anonymous_5)","decl":{"start":{"line":37,"column":40},"end":{"line":37,"column":41}},"loc":{"start":{"line":37,"column":47},"end":{"line":37,"column":56}}}},"branchMap":{"0":{"loc":{"start":{"line":15,"column":4},"end":{"line":19,"column":5}},"type":"if","locations":[{"start":{"line":15,"column":4},"end":{"line":19,"column":5}}]},"1":{"loc":{"start":{"line":36,"column":4},"end":{"line":40,"column":5}},"type":"if","locations":[{"start":{"line":36,"column":4},"end":{"line":40,"column":5}}]}},"s":{"0":0,"1":0,"2":0,"3":0,"4":0,"5":0,"6":0,"7":0,"8":0,"9":0,"10":0,"11":0,"12":0,"13":0,"14":0,"15":0,"16":0,"17":0,"18":0,"19":0},"f":{"0":0,"1":0,"2":0,"3":0,"4":0,"5":0},"b":{"0":[0],"1":[0]}}
,"/home/robbie/.openclaw/workspace/ecommerce-microservice/sample-code/order-service/src/services/orderService.ts": {"path":"/home/robbie/.openclaw/workspace/ecommerce-microservice/sample-code/order-service/src/services/orderService.ts","statementMap":{"0":{"start":{"line":1,"column":0},"end":{"line":1,"column":51}},"1":{"start":{"line":2,"column":0},"end":{"line":2,"column":45}},"2":{"start":{"line":4,"column":0},"end":{"line":4,"column":37}},"3":{"start":{"line":7,"column":23},"end":{"line":7,"column":39}},"4":{"start":{"line":11,"column":24},"end":{"line":11,"column":85}},"5":{"start":{"line":11,"column":60},"end":{"line":11,"column":81}},"6":{"start":{"line":13,"column":25},"end":{"line":21,"column":6}},"7":{"start":{"line":23,"column":25},"end":{"line":23,"column":60}},"8":{"start":{"line":26,"column":4},"end":{"line":31,"column":7}},"9":{"start":{"line":33,"column":4},"end":{"line":33,"column":76}},"10":{"start":{"line":34,"column":4},"end":{"line":34,"column":24}},"11":{"start":{"line":38,"column":4},"end":{"line":38,"column":45}},"12":{"start":{"line":42,"column":4},"end":{"line":42,"column":63}},"13":{"start":{"line":46,"column":4},"end":{"line":46,"column":74}},"14":{"start":{"line":49,"column":4},"end":{"line":55,"column":7}},"15":{"start":{"line":58,"column":4},"end":{"line":71,"column":5}},"16":{"start":{"line":60,"column":8},"end":{"line":60,"column":59}},"17":{"start":{"line":61,"column":8},"end":{"line":61,"column":14}},"18":{"start":{"line":63,"column":8},"end":{"line":63,"column":62}},"19":{"start":{"line":64,"column":8},"end":{"line":64,"column":14}},"20":{"start":{"line":66,"column":8},"end":{"line":66,"column":64}},"21":{"start":{"line":67,"column":8},"end":{"line":67,"column":14}},"22":{"start":{"line":69,"column":8},"end":{"line":69,"column":64}},"23":{"start":{"line":70,"column":8},"end":{"line":70,"column":14}},"24":{"start":{"line":75,"column":4},"end":{"line":75,"column":53}},"25":{"start":{"line":79,"column":4},"end":{"line":89,"column":5}},"26":{"start":{"line":80,"column":23},"end":{"line":80,"column":47}},"27":{"start":{"line":81,"column":6},"end":{"line":84,"column":9}},"28":{"start":{"line":85,"column":6},"end":{"line":85,"column":55}},"29":{"start":{"line":87,"column":6},"end":{"line":87,"column":64}},"30":{"start":{"line":6,"column":0},"end":{"line":6,"column":13}},"31":{"start":{"line":93,"column":0},"end":{"line":93,"column":34}}},"fnMap":{"0":{"name":"(anonymous_1)","decl":{"start":{"line":9,"column":2},"end":{"line":9,"column":7}},"loc":{"start":{"line":9,"column":47},"end":{"line":35,"column":3}}},"1":{"name":"(anonymous_2)","decl":{"start":{"line":11,"column":45},"end":{"line":11,"column":46}},"loc":{"start":{"line":11,"column":60},"end":{"line":11,"column":81}}},"2":{"name":"(anonymous_3)","decl":{"start":{"line":37,"column":2},"end":{"line":37,"column":7}},"loc":{"start":{"line":37,"column":32},"end":{"line":39,"column":3}}},"3":{"name":"(anonymous_4)","decl":{"start":{"line":41,"column":2},"end":{"line":41,"column":7}},"loc":{"start":{"line":41,"column":60},"end":{"line":43,"column":3}}},"4":{"name":"(anonymous_5)","decl":{"start":{"line":45,"column":2},"end":{"line":45,"column":7}},"loc":{"start":{"line":45,"column":98},"end":{"line":72,"column":3}}},"5":{"name":"(anonymous_6)","decl":{"start":{"line":74,"column":2},"end":{"line":74,"column":7}},"loc":{"start":{"line":74,"column":39},"end":{"line":76,"column":3}}},"6":{"name":"(anonymous_7)","decl":{"start":{"line":78,"column":10},"end":{"line":78,"column":15}},"loc":{"start":{"line":78,"column":53},"end":{"line":90,"column":3}}}},"branchMap":{"0":{"loc":{"start":{"line":19,"column":22},"end":{"line":19,"column":71}},"type":"binary-expr","locations":[{"start":{"line":19,"column":22},"end":{"line":19,"column":44}},{"start":{"line":19,"column":48},"end":{"line":19,"column":71}}]},"1":{"loc":{"start":{"line":41,"column":38},"end":{"line":41,"column":48}},"type":"default-arg","locations":[{"start":{"line":41,"column":46},"end":{"line":41,"column":48}}]},"2":{"loc":{"start":{"line":41,"column":50},"end":{"line":41,"column":60}},"type":"default-arg","locations":[{"start":{"line":41,"column":59},"end":{"line":41,"column":60}}]},"3":{"loc":{"start":{"line":58,"column":4},"end":{"line":71,"column":5}},"type":"switch","locations":[{"start":{"line":59,"column":6},"end":{"line":61,"column":14}},{"start":{"line":62,"column":6},"end":{"line":64,"column":14}},{"start":{"line":65,"column":6},"end":{"line":67,"column":14}},{"start":{"line":68,"column":6},"end":{"line":70,"column":14}}]}},"s":{"0":0,"1":0,"2":0,"3":0,"4":0,"5":0,"6":0,"7":0,"8":0,"9":0,"10":0,"11":0,"12":0,"13":0,"14":0,"15":0,"16":0,"17":0,"18":0,"19":0,"20":0,"21":0,"22":0,"23":0,"24":0,"25":0,"26":0,"27":0,"28":0,"29":0,"30":0,"31":0},"f":{"0":0,"1":0,"2":0,"3":0,"4":0,"5":0,"6":0},"b":{"0":[0,0],"1":[0],"2":[0],"3":[0,0,0,0]}}
,"/home/robbie/.openclaw/workspace/ecommerce-microservice/sample-code/order-service/src/utils/logger.ts": {"path":"/home/robbie/.openclaw/workspace/ecommerce-microservice/sample-code/order-service/src/utils/logger.ts","statementMap":{"0":{"start":{"line":1,"column":0},"end":{"line":1,"column":30}},"1":{"start":{"line":3,"column":63},"end":{"line":3,"column":77}},"2":{"start":{"line":5,"column":21},"end":{"line":5,"column":58}},"3":{"start":{"line":12,"column":15},"end":{"line":27,"column":2}},"4":{"start":{"line":29,"column":0},"end":{"line":29,"column":22}}},"fnMap":{},"branchMap":{"0":{"loc":{"start":{"line":13,"column":9},"end":{"line":13,"column":67}},"type":"binary-expr","locations":[{"start":{"line":13,"column":9},"end":{"line":13,"column":30}},{"start":{"line":13,"column":35},"end":{"line":13,"column":66}}]},"1":{"loc":{"start":{"line":13,"column":35},"end":{"line":13,"column":66}},"type":"cond-expr","locations":[{"start":{"line":13,"column":50},"end":{"line":13,"column":56}},{"start":{"line":13,"column":59},"end":{"line":13,"column":66}}]},"2":{"loc":{"start":{"line":22,"column":14},"end":{"line":24,"column":39}},"type":"cond-expr","locations":[{"start":{"line":23,"column":10},"end":{"line":23,"column":38}},{"start":{"line":24,"column":10},"end":{"line":24,"column":39}}]}},"s":{"0":0,"1":0,"2":0,"3":0,"4":0},"f":{},"b":{"0":[0,0],"1":[0,0],"2":[0,0]}}
}
