{"/home/robbie/.openclaw/workspace/ecommerce-microservice/sample-code/user-service/src/config/database.ts": {"path":"/home/robbie/.openclaw/workspace/ecommerce-microservice/sample-code/user-service/src/config/database.ts","statementMap":{"0":{"start":{"line":29,"column":0},"end":{"line":29,"column":7}},"1":{"start":{"line":42,"column":0},"end":{"line":42,"column":7}},"2":{"start":{"line":1,"column":0},"end":{"line":1,"column":38}},"3":{"start":{"line":2,"column":0},"end":{"line":2,"column":37}},"4":{"start":{"line":4,"column":31},"end":{"line":13,"column":2}},"5":{"start":{"line":16,"column":13},"end":{"line":16,"column":33}},"6":{"start":{"line":18,"column":0},"end":{"line":20,"column":3}},"7":{"start":{"line":19,"column":2},"end":{"line":19,"column":71}},"8":{"start":{"line":22,"column":0},"end":{"line":24,"column":3}},"9":{"start":{"line":23,"column":2},"end":{"line":23,"column":48}},"10":{"start":{"line":30,"column":17},"end":{"line":30,"column":37}},"11":{"start":{"line":31,"column":2},"end":{"line":36,"column":3}},"12":{"start":{"line":32,"column":4},"end":{"line":32,"column":35}},"13":{"start":{"line":33,"column":4},"end":{"line":33,"column":48}},"14":{"start":{"line":35,"column":4},"end":{"line":35,"column":21}},"15":{"start":{"line":43,"column":2},"end":{"line":43,"column":19}},"16":{"start":{"line":44,"column":2},"end":{"line":44,"column":38}},"17":{"start":{"line":47,"column":0},"end":{"line":47,"column":20}}},"fnMap":{"0":{"name":"(anonymous_1)","decl":{"start":{"line":18,"column":17},"end":{"line":18,"column":18}},"loc":{"start":{"line":18,"column":25},"end":{"line":20,"column":1}}},"1":{"name":"(anonymous_2)","decl":{"start":{"line":22,"column":19},"end":{"line":22,"column":22}},"loc":{"start":{"line":22,"column":24},"end":{"line":24,"column":1}}},"2":{"name":"connectDatabase","decl":{"start":{"line":29,"column":22},"end":{"line":29,"column":37}},"loc":{"start":{"line":29,"column":37},"end":{"line":37,"column":1}}},"3":{"name":"disconnectDatabase","decl":{"start":{"line":42,"column":22},"end":{"line":42,"column":40}},"loc":{"start":{"line":42,"column":40},"end":{"line":45,"column":1}}}},"branchMap":{"0":{"loc":{"start":{"line":5,"column":8},"end":{"line":5,"column":42}},"type":"binary-expr","locations":[{"start":{"line":5,"column":8},"end":{"line":5,"column":27}},{"start":{"line":5,"column":31},"end":{"line":5,"column":42}}]},"1":{"loc":{"start":{"line":6,"column":15},"end":{"line":6,"column":42}},"type":"binary-expr","locations":[{"start":{"line":6,"column":15},"end":{"line":6,"column":34}},{"start":{"line":6,"column":38},"end":{"line":6,"column":42}}]},"2":{"loc":{"start":{"line":7,"column":12},"end":{"line":7,"column":42}},"type":"binary-expr","locations":[{"start":{"line":7,"column":12},"end":{"line":7,"column":31}},{"start":{"line":7,"column":35},"end":{"line":7,"column":42}}]},"3":{"loc":{"start":{"line":8,"column":8},"end":{"line":8,"column":41}},"type":"binary-expr","locations":[{"start":{"line":8,"column":8},"end":{"line":8,"column":27}},{"start":{"line":8,"column":31},"end":{"line":8,"column":41}}]},"4":{"loc":{"start":{"line":9,"column":12},"end":{"line":9,"column":49}},"type":"binary-expr","locations":[{"start":{"line":9,"column":12},"end":{"line":9,"column":35}},{"start":{"line":9,"column":39},"end":{"line":9,"column":49}}]},"5":{"loc":{"start":{"line":10,"column":14},"end":{"line":10,"column":43}},"type":"binary-expr","locations":[{"start":{"line":10,"column":14},"end":{"line":10,"column":37}},{"start":{"line":10,"column":41},"end":{"line":10,"column":43}}]}},"s":{"0":2,"1":2,"2":2,"3":2,"4":2,"5":2,"6":2,"7":0,"8":2,"9":0,"10":2,"11":0,"12":0,"13":0,"14":0,"15":0,"16":0,"17":2},"f":{"0":0,"1":0,"2":2,"3":0},"b":{"0":[2,2],"1":[2,2],"2":[2,2],"3":[2,2],"4":[2,2],"5":[2,2]}}
,"/home/robbie/.openclaw/workspace/ecommerce-microservice/sample-code/user-service/src/middleware/auth.ts": {"path":"/home/robbie/.openclaw/workspace/ecommerce-microservice/sample-code/user-service/src/middleware/auth.ts","statementMap":{"0":{"start":{"line":12,"column":0},"end":{"line":12,"column":16}},"1":{"start":{"line":34,"column":0},"end":{"line":34,"column":16}},"2":{"start":{"line":2,"column":0},"end":{"line":2,"column":31}},"3":{"start":{"line":4,"column":0},"end":{"line":4,"column":37}},"4":{"start":{"line":6,"column":19},"end":{"line":6,"column":70}},"5":{"start":{"line":13,"column":17},"end":{"line":13,"column":42}},"6":{"start":{"line":14,"column":2},"end":{"line":17,"column":3}},"7":{"start":{"line":15,"column":4},"end":{"line":15,"column":99}},"8":{"start":{"line":16,"column":4},"end":{"line":16,"column":11}},"9":{"start":{"line":19,"column":16},"end":{"line":19,"column":31}},"10":{"start":{"line":20,"column":2},"end":{"line":27,"column":3}},"11":{"start":{"line":21,"column":20},"end":{"line":21,"column":64}},"12":{"start":{"line":22,"column":4},"end":{"line":22,"column":23}},"13":{"start":{"line":23,"column":4},"end":{"line":23,"column":11}},"14":{"start":{"line":25,"column":4},"end":{"line":25,"column":78}},"15":{"start":{"line":26,"column":4},"end":{"line":26,"column":82}},"16":{"start":{"line":35,"column":2},"end":{"line":47,"column":4}},"17":{"start":{"line":36,"column":4},"end":{"line":39,"column":5}},"18":{"start":{"line":37,"column":6},"end":{"line":37,"column":77}},"19":{"start":{"line":38,"column":6},"end":{"line":38,"column":13}},"20":{"start":{"line":41,"column":4},"end":{"line":44,"column":5}},"21":{"start":{"line":42,"column":6},"end":{"line":42,"column":84}},"22":{"start":{"line":43,"column":6},"end":{"line":43,"column":13}},"23":{"start":{"line":46,"column":4},"end":{"line":46,"column":11}}},"fnMap":{"0":{"name":"authenticate","decl":{"start":{"line":12,"column":16},"end":{"line":12,"column":28}},"loc":{"start":{"line":12,"column":89},"end":{"line":28,"column":1}}},"1":{"name":"authorize","decl":{"start":{"line":34,"column":16},"end":{"line":34,"column":25}},"loc":{"start":{"line":34,"column":46},"end":{"line":48,"column":1}}},"2":{"name":"(anonymous_3)","decl":{"start":{"line":35,"column":9},"end":{"line":35,"column":10}},"loc":{"start":{"line":35,"column":80},"end":{"line":47,"column":3}}}},"branchMap":{"0":{"loc":{"start":{"line":6,"column":19},"end":{"line":6,"column":70}},"type":"binary-expr","locations":[{"start":{"line":6,"column":19},"end":{"line":6,"column":41}},{"start":{"line":6,"column":45},"end":{"line":6,"column":70}}]},"1":{"loc":{"start":{"line":14,"column":2},"end":{"line":17,"column":3}},"type":"if","locations":[{"start":{"line":14,"column":2},"end":{"line":17,"column":3}}]},"2":{"loc":{"start":{"line":36,"column":4},"end":{"line":39,"column":5}},"type":"if","locations":[{"start":{"line":36,"column":4},"end":{"line":39,"column":5}}]},"3":{"loc":{"start":{"line":41,"column":4},"end":{"line":44,"column":5}},"type":"if","locations":[{"start":{"line":41,"column":4},"end":{"line":44,"column":5}}]}},"s":{"0":3,"1":3,"2":3,"3":3,"4":3,"5":4,"6":4,"7":2,"8":2,"9":2,"10":2,"11":2,"12":1,"13":1,"14":1,"15":1,"16":8,"17":4,"18":1,"19":1,"20":3,"21":1,"22":1,"23":2},"f":{"0":4,"1":8,"2":4},"b":{"0":[3,3],"1":[2],"2":[1],"3":[1]}}
,"/home/robbie/.openclaw/workspace/ecommerce-microservice/sample-code/user-service/src/middleware/validate.ts": {"path":"/home/robbie/.openclaw/workspace/ecommerce-microservice/sample-code/user-service/src/middleware/validate.ts","statementMap":{"0":{"start":{"line":8,"column":0},"end":{"line":8,"column":16}},"1":{"start":{"line":29,"column":0},"end":{"line":29,"column":16}},"2":{"start":{"line":9,"column":2},"end":{"line":23,"column":4}},"3":{"start":{"line":10,"column":29},"end":{"line":13,"column":6}},"4":{"start":{"line":15,"column":4},"end":{"line":19,"column":5}},"5":{"start":{"line":16,"column":22},"end":{"line":16,"column":57}},"6":{"start":{"line":16,"column":47},"end":{"line":16,"column":56}},"7":{"start":{"line":17,"column":6},"end":{"line":17,"column":85}},"8":{"start":{"line":18,"column":6},"end":{"line":18,"column":13}},"9":{"start":{"line":21,"column":4},"end":{"line":21,"column":21}},"10":{"start":{"line":22,"column":4},"end":{"line":22,"column":11}},"11":{"start":{"line":30,"column":2},"end":{"line":44,"column":4}},"12":{"start":{"line":31,"column":29},"end":{"line":34,"column":6}},"13":{"start":{"line":36,"column":4},"end":{"line":40,"column":5}},"14":{"start":{"line":37,"column":22},"end":{"line":37,"column":57}},"15":{"start":{"line":37,"column":47},"end":{"line":37,"column":56}},"16":{"start":{"line":38,"column":6},"end":{"line":38,"column":85}},"17":{"start":{"line":39,"column":6},"end":{"line":39,"column":13}},"18":{"start":{"line":42,"column":4},"end":{"line":42,"column":22}},"19":{"start":{"line":43,"column":4},"end":{"line":43,"column":11}}},"fnMap":{"0":{"name":"validateBody","decl":{"start":{"line":8,"column":16},"end":{"line":8,"column":28}},"loc":{"start":{"line":8,"column":53},"end":{"line":24,"column":1}}},"1":{"name":"(anonymous_1)","decl":{"start":{"line":9,"column":9},"end":{"line":9,"column":10}},"loc":{"start":{"line":9,"column":67},"end":{"line":23,"column":3}}},"2":{"name":"(anonymous_2)","decl":{"start":{"line":16,"column":40},"end":{"line":16,"column":41}},"loc":{"start":{"line":16,"column":47},"end":{"line":16,"column":56}}},"3":{"name":"validateQuery","decl":{"start":{"line":29,"column":16},"end":{"line":29,"column":29}},"loc":{"start":{"line":29,"column":54},"end":{"line":45,"column":1}}},"4":{"name":"(anonymous_4)","decl":{"start":{"line":30,"column":9},"end":{"line":30,"column":10}},"loc":{"start":{"line":30,"column":67},"end":{"line":44,"column":3}}},"5":{"name":"(anonymous_5)","decl":{"start":{"line":37,"column":40},"end":{"line":37,"column":41}},"loc":{"start":{"line":37,"column":47},"end":{"line":37,"column":56}}}},"branchMap":{"0":{"loc":{"start":{"line":15,"column":4},"end":{"line":19,"column":5}},"type":"if","locations":[{"start":{"line":15,"column":4},"end":{"line":19,"column":5}}]},"1":{"loc":{"start":{"line":36,"column":4},"end":{"line":40,"column":5}},"type":"if","locations":[{"start":{"line":36,"column":4},"end":{"line":40,"column":5}}]}},"s":{"0":2,"1":2,"2":6,"3":0,"4":0,"5":0,"6":0,"7":0,"8":0,"9":0,"10":0,"11":2,"12":0,"13":0,"14":0,"15":0,"16":0,"17":0,"18":0,"19":0},"f":{"0":6,"1":0,"2":0,"3":2,"4":0,"5":0},"b":{"0":[0],"1":[0]}}
,"/home/robbie/.openclaw/workspace/ecommerce-microservice/sample-code/user-service/src/models/user.ts": {"path":"/home/robbie/.openclaw/workspace/ecommerce-microservice/sample-code/user-service/src/models/user.ts","statementMap":{"0":{"start":{"line":17,"column":0},"end":{"line":17,"column":7}},"1":{"start":{"line":34,"column":0},"end":{"line":34,"column":7}},"2":{"start":{"line":45,"column":0},"end":{"line":45,"column":7}},"3":{"start":{"line":56,"column":0},"end":{"line":56,"column":7}},"4":{"start":{"line":67,"column":0},"end":{"line":67,"column":7}},"5":{"start":{"line":101,"column":0},"end":{"line":101,"column":7}},"6":{"start":{"line":118,"column":0},"end":{"line":118,"column":7}},"7":{"start":{"line":1,"column":0},"end":{"line":1,"column":38}},"8":{"start":{"line":3,"column":0},"end":{"line":3,"column":28}},"9":{"start":{"line":4,"column":0},"end":{"line":4,"column":36}},"10":{"start":{"line":6,"column":20},"end":{"line":6,"column":22}},"11":{"start":{"line":10,"column":40},"end":{"line":10,"column":43}},"12":{"start":{"line":11,"column":2},"end":{"line":11,"column":14}},"13":{"start":{"line":18,"column":13},"end":{"line":18,"column":21}},"14":{"start":{"line":19,"column":23},"end":{"line":19,"column":69}},"15":{"start":{"line":21,"column":19},"end":{"line":25,"column":null}},"16":{"start":{"line":28,"column":2},"end":{"line":28,"column":29}},"17":{"start":{"line":35,"column":19},"end":{"line":37,"column":null}},"18":{"start":{"line":39,"column":2},"end":{"line":39,"column":25}},"19":{"start":{"line":46,"column":19},"end":{"line":48,"column":null}},"20":{"start":{"line":50,"column":2},"end":{"line":50,"column":46}},"21":{"start":{"line":57,"column":19},"end":{"line":59,"column":null}},"22":{"start":{"line":61,"column":2},"end":{"line":61,"column":25}},"23":{"start":{"line":68,"column":27},"end":{"line":68,"column":29}},"24":{"start":{"line":69,"column":28},"end":{"line":69,"column":30}},"25":{"start":{"line":70,"column":12},"end":{"line":70,"column":13}},"26":{"start":{"line":72,"column":2},"end":{"line":75,"column":3}},"27":{"start":{"line":73,"column":4},"end":{"line":73,"column":42}},"28":{"start":{"line":74,"column":4},"end":{"line":74,"column":34}},"29":{"start":{"line":76,"column":2},"end":{"line":79,"column":3}},"30":{"start":{"line":77,"column":4},"end":{"line":77,"column":41}},"31":{"start":{"line":78,"column":4},"end":{"line":78,"column":33}},"32":{"start":{"line":80,"column":2},"end":{"line":83,"column":3}},"33":{"start":{"line":81,"column":4},"end":{"line":81,"column":37}},"34":{"start":{"line":82,"column":4},"end":{"line":82,"column":43}},"35":{"start":{"line":85,"column":2},"end":{"line":85,"column":47}},"36":{"start":{"line":85,"column":27},"end":{"line":85,"column":47}},"37":{"start":{"line":87,"column":2},"end":{"line":87,"column":36}},"38":{"start":{"line":88,"column":2},"end":{"line":88,"column":18}},"39":{"start":{"line":90,"column":19},"end":{"line":92,"column":null}},"40":{"start":{"line":95,"column":2},"end":{"line":95,"column":46}},"41":{"start":{"line":102,"column":17},"end":{"line":102,"column":35}},"42":{"start":{"line":104,"column":36},"end":{"line":107,"column":4}},"43":{"start":{"line":109,"column":2},"end":{"line":112,"column":4}},"44":{"start":{"line":119,"column":2},"end":{"line":119,"column":41}}},"fnMap":{"0":{"name":"toSafeUser","decl":{"start":{"line":9,"column":9},"end":{"line":9,"column":19}},"loc":{"start":{"line":9,"column":29},"end":{"line":12,"column":1}}},"1":{"name":"createUser","decl":{"start":{"line":17,"column":22},"end":{"line":17,"column":32}},"loc":{"start":{"line":17,"column":55},"end":{"line":29,"column":1}}},"2":{"name":"findByEmail","decl":{"start":{"line":34,"column":22},"end":{"line":34,"column":33}},"loc":{"start":{"line":34,"column":47},"end":{"line":40,"column":1}}},"3":{"name":"findById","decl":{"start":{"line":45,"column":22},"end":{"line":45,"column":30}},"loc":{"start":{"line":45,"column":41},"end":{"line":51,"column":1}}},"4":{"name":"findByIdWithHash","decl":{"start":{"line":56,"column":22},"end":{"line":56,"column":38}},"loc":{"start":{"line":56,"column":49},"end":{"line":62,"column":1}}},"5":{"name":"updateUser","decl":{"start":{"line":67,"column":22},"end":{"line":67,"column":32}},"loc":{"start":{"line":67,"column":67},"end":{"line":96,"column":1}}},"6":{"name":"listUsers","decl":{"start":{"line":101,"column":22},"end":{"line":101,"column":31}},"loc":{"start":{"line":101,"column":59},"end":{"line":113,"column":1}}},"7":{"name":"verifyPassword","decl":{"start":{"line":118,"column":22},"end":{"line":118,"column":36}},"loc":{"start":{"line":118,"column":68},"end":{"line":120,"column":1}}}},"branchMap":{"0":{"loc":{"start":{"line":25,"column":85},"end":{"line":25,"column":109}},"type":"binary-expr","locations":[{"start":{"line":25,"column":85},"end":{"line":25,"column":95}},{"start":{"line":25,"column":99},"end":{"line":25,"column":109}}]},"1":{"loc":{"start":{"line":39,"column":9},"end":{"line":39,"column":24}},"type":"binary-expr","locations":[{"start":{"line":39,"column":9},"end":{"line":39,"column":16}},{"start":{"line":39,"column":20},"end":{"line":39,"column":24}}]},"2":{"loc":{"start":{"line":50,"column":9},"end":{"line":50,"column":45}},"type":"cond-expr","locations":[{"start":{"line":50,"column":19},"end":{"line":50,"column":38}},{"start":{"line":50,"column":41},"end":{"line":50,"column":45}}]},"3":{"loc":{"start":{"line":61,"column":9},"end":{"line":61,"column":24}},"type":"binary-expr","locations":[{"start":{"line":61,"column":9},"end":{"line":61,"column":16}},{"start":{"line":61,"column":20},"end":{"line":61,"column":24}}]},"4":{"loc":{"start":{"line":72,"column":2},"end":{"line":75,"column":3}},"type":"if","locations":[{"start":{"line":72,"column":2},"end":{"line":75,"column":3}}]},"5":{"loc":{"start":{"line":76,"column":2},"end":{"line":79,"column":3}},"type":"if","locations":[{"start":{"line":76,"column":2},"end":{"line":79,"column":3}}]},"6":{"loc":{"start":{"line":80,"column":2},"end":{"line":83,"column":3}},"type":"if","locations":[{"start":{"line":80,"column":2},"end":{"line":83,"column":3}}]},"7":{"loc":{"start":{"line":85,"column":2},"end":{"line":85,"column":47}},"type":"if","locations":[{"start":{"line":85,"column":2},"end":{"line":85,"column":47}}]},"8":{"loc":{"start":{"line":95,"column":9},"end":{"line":95,"column":45}},"type":"cond-expr","locations":[{"start":{"line":95,"column":19},"end":{"line":95,"column":38}},{"start":{"line":95,"column":41},"end":{"line":95,"column":45}}]}},"s":{"0":1,"1":1,"2":1,"3":1,"4":1,"5":1,"6":1,"7":1,"8":1,"9":1,"10":1,"11":5,"12":5,"13":2,"14":2,"15":2,"16":2,"17":2,"18":2,"19":2,"20":2,"21":2,"22":2,"23":2,"24":2,"25":2,"26":2,"27":2,"28":2,"29":2,"30":1,"31":1,"32":2,"33":1,"34":1,"35":2,"36":0,"37":2,"38":2,"39":2,"40":2,"41":1,"42":1,"43":1,"44":1},"f":{"0":5,"1":2,"2":2,"3":2,"4":2,"5":2,"6":1,"7":1},"b":{"0":[2,1],"1":[2,1],"2":[1,1],"3":[2,1],"4":[2],"5":[1],"6":[1],"7":[0],"8":[1,1]}}
,"/home/robbie/.openclaw/workspace/ecommerce-microservice/sample-code/user-service/src/routes/users.ts": {"path":"/home/robbie/.openclaw/workspace/ecommerce-microservice/sample-code/user-service/src/routes/users.ts","statementMap":{"0":{"start":{"line":1,"column":0},"end":{"line":1,"column":43}},"1":{"start":{"line":2,"column":0},"end":{"line":2,"column":22}},"2":{"start":{"line":3,"column":0},"end":{"line":3,"column":61}},"3":{"start":{"line":4,"column":0},"end":{"line":4,"column":55}},"4":{"start":{"line":5,"column":0},"end":{"line":5,"column":65}},"5":{"start":{"line":6,"column":0},"end":{"line":6,"column":58}},"6":{"start":{"line":7,"column":0},"end":{"line":7,"column":37}},"7":{"start":{"line":9,"column":15},"end":{"line":9,"column":23}},"8":{"start":{"line":12,"column":0},"end":{"line":12,"column":25}},"9":{"start":{"line":14,"column":25},"end":{"line":17,"column":2}},"10":{"start":{"line":21,"column":0},"end":{"line":33,"column":3}},"11":{"start":{"line":22,"column":2},"end":{"line":32,"column":3}},"12":{"start":{"line":23,"column":17},"end":{"line":23,"column":49}},"13":{"start":{"line":24,"column":4},"end":{"line":27,"column":5}},"14":{"start":{"line":25,"column":6},"end":{"line":25,"column":74}},"15":{"start":{"line":26,"column":6},"end":{"line":26,"column":13}},"16":{"start":{"line":28,"column":4},"end":{"line":28,"column":44}},"17":{"start":{"line":30,"column":4},"end":{"line":30,"column":79}},"18":{"start":{"line":31,"column":4},"end":{"line":31,"column":79}},"19":{"start":{"line":37,"column":0},"end":{"line":52,"column":3}},"20":{"start":{"line":38,"column":2},"end":{"line":51,"column":3}},"21":{"start":{"line":39,"column":45},"end":{"line":39,"column":53}},"22":{"start":{"line":40,"column":20},"end":{"line":40,"column":88}},"23":{"start":{"line":42,"column":4},"end":{"line":45,"column":5}},"24":{"start":{"line":43,"column":6},"end":{"line":43,"column":74}},"25":{"start":{"line":44,"column":6},"end":{"line":44,"column":13}},"26":{"start":{"line":47,"column":4},"end":{"line":47,"column":47}},"27":{"start":{"line":49,"column":4},"end":{"line":49,"column":80}},"28":{"start":{"line":50,"column":4},"end":{"line":50,"column":79}},"29":{"start":{"line":56,"column":0},"end":{"line":76,"column":2}},"30":{"start":{"line":61,"column":4},"end":{"line":74,"column":5}},"31":{"start":{"line":62,"column":19},"end":{"line":62,"column":46}},"32":{"start":{"line":63,"column":20},"end":{"line":63,"column":49}},"33":{"start":{"line":64,"column":31},"end":{"line":64,"column":59}},"34":{"start":{"line":66,"column":6},"end":{"line":70,"column":9}},"35":{"start":{"line":72,"column":6},"end":{"line":72,"column":78}},"36":{"start":{"line":73,"column":6},"end":{"line":73,"column":81}},"37":{"start":{"line":80,"column":0},"end":{"line":96,"column":2}},"38":{"start":{"line":84,"column":4},"end":{"line":94,"column":5}},"39":{"start":{"line":85,"column":19},"end":{"line":85,"column":48}},"40":{"start":{"line":86,"column":6},"end":{"line":89,"column":7}},"41":{"start":{"line":87,"column":8},"end":{"line":87,"column":76}},"42":{"start":{"line":88,"column":8},"end":{"line":88,"column":15}},"43":{"start":{"line":90,"column":6},"end":{"line":90,"column":46}},"44":{"start":{"line":92,"column":6},"end":{"line":92,"column":78}},"45":{"start":{"line":93,"column":6},"end":{"line":93,"column":81}},"46":{"start":{"line":98,"column":0},"end":{"line":98,"column":22}}},"fnMap":{"0":{"name":"(anonymous_1)","decl":{"start":{"line":21,"column":18},"end":{"line":21,"column":23}},"loc":{"start":{"line":21,"column":69},"end":{"line":33,"column":1}}},"1":{"name":"(anonymous_2)","decl":{"start":{"line":37,"column":18},"end":{"line":37,"column":23}},"loc":{"start":{"line":37,"column":69},"end":{"line":52,"column":1}}},"2":{"name":"(anonymous_3)","decl":{"start":{"line":60,"column":2},"end":{"line":60,"column":7}},"loc":{"start":{"line":60,"column":53},"end":{"line":75,"column":3}}},"3":{"name":"(anonymous_4)","decl":{"start":{"line":83,"column":2},"end":{"line":83,"column":7}},"loc":{"start":{"line":83,"column":53},"end":{"line":95,"column":3}}}},"branchMap":{"0":{"loc":{"start":{"line":24,"column":4},"end":{"line":27,"column":5}},"type":"if","locations":[{"start":{"line":24,"column":4},"end":{"line":27,"column":5}}]},"1":{"loc":{"start":{"line":42,"column":4},"end":{"line":45,"column":5}},"type":"if","locations":[{"start":{"line":42,"column":4},"end":{"line":45,"column":5}}]},"2":{"loc":{"start":{"line":62,"column":26},"end":{"line":62,"column":45}},"type":"binary-expr","locations":[{"start":{"line":62,"column":26},"end":{"line":62,"column":40}},{"start":{"line":62,"column":44},"end":{"line":62,"column":45}}]},"3":{"loc":{"start":{"line":63,"column":27},"end":{"line":63,"column":48}},"type":"binary-expr","locations":[{"start":{"line":63,"column":27},"end":{"line":63,"column":42}},{"start":{"line":63,"column":46},"end":{"line":63,"column":48}}]},"4":{"loc":{"start":{"line":86,"column":6},"end":{"line":89,"column":7}},"type":"if","locations":[{"start":{"line":86,"column":6},"end":{"line":89,"column":7}}]}},"s":{"0":2,"1":2,"2":2,"3":2,"4":2,"5":2,"6":2,"7":2,"8":2,"9":2,"10":2,"11":0,"12":0,"13":0,"14":0,"15":0,"16":0,"17":0,"18":0,"19":2,"20":0,"21":0,"22":0,"23":0,"24":0,"25":0,"26":0,"27":0,"28":0,"29":2,"30":0,"31":0,"32":0,"33":0,"34":0,"35":0,"36":0,"37":2,"38":0,"39":0,"40":0,"41":0,"42":0,"43":0,"44":0,"45":0,"46":2},"f":{"0":0,"1":0,"2":0,"3":0},"b":{"0":[0],"1":[0],"2":[0,0],"3":[0,0],"4":[0]}}
,"/home/robbie/.openclaw/workspace/ecommerce-microservice/sample-code/user-service/src/types/index.ts": {"path":"/home/robbie/.openclaw/workspace/ecommerce-microservice/sample-code/user-service/src/types/index.ts","statementMap":{"0":{"start":{"line":4,"column":0},"end":{"line":4,"column":null}},"1":{"start":{"line":5,"column":2},"end":{"line":5,"column":null}},"2":{"start":{"line":6,"column":2},"end":{"line":6,"column":null}},"3":{"start":{"line":7,"column":2},"end":{"line":7,"column":null}}},"fnMap":{"0":{"name":"(anonymous_0)","decl":{"start":{"line":4,"column":0},"end":{"line":4,"column":12}},"loc":{"start":{"line":4,"column":20},"end":{"line":8,"column":1}}}},"branchMap":{"0":{"loc":{"start":{"line":4,"column":12},"end":{"line":4,"column":null}},"type":"binary-expr","locations":[{"start":{"line":4,"column":12},"end":{"line":4,"column":20}},{"start":{"line":4,"column":20},"end":{"line":4,"column":null}}]}},"s":{"0":4,"1":4,"2":4,"3":4},"f":{"0":4},"b":{"0":[4,4]}}
,"/home/robbie/.openclaw/workspace/ecommerce-microservice/sample-code/user-service/src/utils/logger.ts": {"path":"/home/robbie/.openclaw/workspace/ecommerce-microservice/sample-code/user-service/src/utils/logger.ts","statementMap":{"0":{"start":{"line":1,"column":0},"end":{"line":1,"column":30}},"1":{"start":{"line":3,"column":63},"end":{"line":3,"column":77}},"2":{"start":{"line":5,"column":21},"end":{"line":5,"column":58}},"3":{"start":{"line":12,"column":15},"end":{"line":27,"column":2}},"4":{"start":{"line":29,"column":0},"end":{"line":29,"column":22}}},"fnMap":{},"branchMap":{"0":{"loc":{"start":{"line":13,"column":9},"end":{"line":13,"column":67}},"type":"binary-expr","locations":[{"start":{"line":13,"column":9},"end":{"line":13,"column":30}},{"start":{"line":13,"column":35},"end":{"line":13,"column":66}}]},"1":{"loc":{"start":{"line":13,"column":35},"end":{"line":13,"column":66}},"type":"cond-expr","locations":[{"start":{"line":13,"column":50},"end":{"line":13,"column":56}},{"start":{"line":13,"column":59},"end":{"line":13,"column":66}}]},"2":{"loc":{"start":{"line":22,"column":14},"end":{"line":24,"column":39}},"type":"cond-expr","locations":[{"start":{"line":23,"column":10},"end":{"line":23,"column":38}},{"start":{"line":24,"column":10},"end":{"line":24,"column":39}}]}},"s":{"0":0,"1":0,"2":0,"3":0,"4":0},"f":{},"b":{"0":[0,0],"1":[0,0],"2":[0,0]}}
}
