TN:
SF:src/config/database.ts
FN:18,(anonymous_1)
FN:22,(anonymous_2)
FN:29,connectDatabase
FN:42,disconnectDatabase
FNF:4
FNH:0
FNDA:0,(anonymous_1)
FNDA:0,(anonymous_2)
FNDA:0,connectDatabase
FNDA:0,disconnectDatabase
DA:1,0
DA:2,0
DA:4,0
DA:16,0
DA:18,0
DA:19,0
DA:22,0
DA:23,0
DA:29,0
DA:30,0
DA:31,0
DA:32,0
DA:33,0
DA:35,0
DA:42,0
DA:43,0
DA:44,0
DA:47,0
LF:18
LH:0
BRDA:5,0,0,0
BRDA:5,0,1,0
BRDA:6,1,0,0
BRDA:6,1,1,0
BRDA:7,2,0,0
BRDA:7,2,1,0
BRDA:8,3,0,0
BRDA:8,3,1,0
BRDA:9,4,0,0
BRDA:9,4,1,0
BRDA:10,5,0,0
BRDA:10,5,1,0
BRF:12
BRH:0
end_of_record
TN:
SF:src/middleware/auth.ts
FN:12,authenticate
FN:34,authorize
FN:35,(anonymous_3)
FNF:3
FNH:3
FNDA:4,authenticate
FNDA:6,authorize
FNDA:4,(anonymous_3)
DA:2,2
DA:4,2
DA:6,2
DA:12,2
DA:13,4
DA:14,4
DA:15,2
DA:16,2
DA:19,2
DA:20,2
DA:21,2
DA:22,1
DA:23,1
DA:25,1
DA:26,1
DA:34,2
DA:35,6
DA:36,4
DA:37,1
DA:38,1
DA:41,3
DA:42,1
DA:43,1
DA:46,2
LF:24
LH:24
BRDA:6,0,0,2
BRDA:6,0,1,2
BRDA:14,1,0,2
BRDA:36,2,0,1
BRDA:41,3,0,1
BRF:5
BRH:5
end_of_record
TN:
SF:src/middleware/validate.ts
FN:8,validateBody
FN:9,(anonymous_1)
FN:16,(anonymous_2)
FN:29,validateQuery
FN:30,(anonymous_4)
FN:37,(anonymous_5)
FNF:6
FNH:2
FNDA:3,validateBody
FNDA:0,(anonymous_1)
FNDA:0,(anonymous_2)
FNDA:1,validateQuery
FNDA:0,(anonymous_4)
FNDA:0,(anonymous_5)
DA:8,1
DA:9,3
DA:10,0
DA:15,0
DA:16,0
DA:17,0
DA:18,0
DA:21,0
DA:22,0
DA:29,1
DA:30,1
DA:31,0
DA:36,0
DA:37,0
DA:38,0
DA:39,0
DA:42,0
DA:43,0
LF:18
LH:4
BRDA:15,0,0,0
BRDA:36,1,0,0
BRF:2
BRH:0
end_of_record
TN:
SF:src/models/user.ts
FN:9,toSafeUser
FN:17,createUser
FN:34,findByEmail
FN:45,findById
FN:56,findByIdWithHash
FN:67,updateUser
FN:101,listUsers
FN:118,verifyPassword
FNF:8
FNH:8
FNDA:5,toSafeUser
FNDA:2,createUser
FNDA:2,findByEmail
FNDA:2,findById
FNDA:2,findByIdWithHash
FNDA:2,updateUser
FNDA:1,listUsers
FNDA:1,verifyPassword
DA:1,1
DA:3,1
DA:4,1
DA:6,1
DA:10,5
DA:11,5
DA:17,1
DA:18,2
DA:19,2
DA:21,2
DA:28,2
DA:34,1
DA:35,2
DA:39,2
DA:45,1
DA:46,2
DA:50,2
DA:56,1
DA:57,2
DA:61,2
DA:67,1
DA:68,2
DA:69,2
DA:70,2
DA:72,2
DA:73,2
DA:74,2
DA:76,2
DA:77,1
DA:78,1
DA:80,2
DA:81,1
DA:82,1
DA:85,2
DA:87,2
DA:88,2
DA:90,2
DA:95,2
DA:101,1
DA:102,1
DA:104,1
DA:109,1
DA:118,1
DA:119,1
LF:44
LH:44
BRDA:25,0,0,2
BRDA:25,0,1,1
BRDA:39,1,0,2
BRDA:39,1,1,1
BRDA:50,2,0,1
BRDA:50,2,1,1
BRDA:61,3,0,2
BRDA:61,3,1,1
BRDA:72,4,0,2
BRDA:76,5,0,1
BRDA:80,6,0,1
BRDA:85,7,0,0
BRDA:95,8,0,1
BRDA:95,8,1,1
BRF:14
BRH:13
end_of_record
TN:
SF:src/routes/users.ts
FN:21,(anonymous_1)
FN:37,(anonymous_2)
FN:60,(anonymous_3)
FN:83,(anonymous_4)
FNF:4
FNH:0
FNDA:0,(anonymous_1)
FNDA:0,(anonymous_2)
FNDA:0,(anonymous_3)
FNDA:0,(anonymous_4)
DA:1,1
DA:2,1
DA:3,1
DA:4,1
DA:5,1
DA:6,1
DA:7,1
DA:9,1
DA:12,1
DA:14,1
DA:21,1
DA:22,0
DA:23,0
DA:24,0
DA:25,0
DA:26,0
DA:28,0
DA:30,0
DA:31,0
DA:37,1
DA:38,0
DA:39,0
DA:40,0
DA:42,0
DA:43,0
DA:44,0
DA:47,0
DA:49,0
DA:50,0
DA:56,1
DA:61,0
DA:62,0
DA:63,0
DA:64,0
DA:66,0
DA:72,0
DA:73,0
DA:80,1
DA:84,0
DA:85,0
DA:86,0
DA:87,0
DA:88,0
DA:90,0
DA:92,0
DA:93,0
DA:98,1
LF:47
LH:15
BRDA:24,0,0,0
BRDA:42,1,0,0
BRDA:62,2,0,0
BRDA:62,2,1,0
BRDA:63,3,0,0
BRDA:63,3,1,0
BRDA:86,4,0,0
BRF:7
BRH:0
end_of_record
TN:
SF:src/types/index.ts
FN:4,(anonymous_0)
FNF:1
FNH:1
FNDA:3,(anonymous_0)
DA:4,3
DA:5,3
DA:6,3
DA:7,3
LF:4
LH:4
BRDA:4,0,0,3
BRDA:4,0,1,3
BRF:2
BRH:2
end_of_record
TN:
SF:src/utils/logger.ts
FNF:0
FNH:0
DA:1,0
DA:3,0
DA:5,0
DA:12,0
DA:29,0
LF:5
LH:0
BRDA:13,0,0,0
BRDA:13,0,1,0
BRDA:13,1,0,0
BRDA:13,1,1,0
BRDA:22,2,0,0
BRDA:22,2,1,0
BRF:6
BRH:0
end_of_record
